[2024-04-10 08:50:33,445] [main] INFO  [customer-services,,] d.q.customer.CustomerApplication - No active profile set, falling back to 1 default profile: "default"
[2024-04-10 08:50:34,638] [main] INFO  [customer-services,,] .RepositoryConfigurationDelegate - Bootstrapping Spring Data JPA repositories in DEFAULT mode.
[2024-04-10 08:50:34,811] [main] INFO  [customer-services,,] .RepositoryConfigurationDelegate - Finished Spring Data repository scanning in 166 ms. Found 1 JPA repository interfaces.
[2024-04-10 08:50:35,206] [main] INFO  [customer-services,,] cloud.context.scope.GenericScope - BeanFactory id=d8d196ab-859d-3324-b300-d4efa8c17c9b
[2024-04-10 08:50:35,301] [main] INFO  [customer-services,,] elegate$BeanPostProcessorChecker - Bean 'dev.adrianalonso.dekra.quickprod.clients.fraud.FraudClient' of type [org.springframework.cloud.openfeign.FeignClientFactoryBean] is not eligible for getting processed by all BeanPostProcessors (for example: not eligible for auto-proxying)
[2024-04-10 08:50:35,302] [main] INFO  [customer-services,,] elegate$BeanPostProcessorChecker - Bean 'dev.adrianalonso.dekra.quickprod.clients.notification.NotificationClient' of type [org.springframework.cloud.openfeign.FeignClientFactoryBean] is not eligible for getting processed by all BeanPostProcessors (for example: not eligible for auto-proxying)
[2024-04-10 08:50:35,700] [main] INFO  [customer-services,,] o.s.b.w.e.tomcat.TomcatWebServer - Tomcat initialized with port(s): 8080 (http)
[2024-04-10 08:50:35,713] [main] INFO  [customer-services,,] .a.catalina.core.StandardService - Starting service [Tomcat]
[2024-04-10 08:50:35,714] [main] INFO  [customer-services,,] o.a.catalina.core.StandardEngine - Starting Servlet engine: [Apache Tomcat/10.1.7]
[2024-04-10 08:50:35,816] [main] INFO  [customer-services,,] a.c.c.C.[Tomcat].[localhost].[/] - Initializing Spring embedded WebApplicationContext
[2024-04-10 08:50:35,817] [main] INFO  [customer-services,,] rvletWebServerApplicationContext - Root WebApplicationContext: initialization completed in 2350 ms
[2024-04-10 08:50:36,550] [main] INFO  [customer-services,,] o.h.jpa.internal.util.LogHelper  - HHH000204: Processing PersistenceUnitInfo [name: default]
[2024-04-10 08:50:36,622] [main] INFO  [customer-services,,] org.hibernate.Version            - HHH000412: Hibernate ORM core version 6.1.7.Final
[2024-04-10 08:50:37,066] [main] INFO  [customer-services,,] m.zaxxer.hikari.HikariDataSource - HikariPool-1 - Starting...
[2024-04-10 08:50:37,274] [main] INFO  [customer-services,,] om.zaxxer.hikari.pool.HikariPool - HikariPool-1 - Added connection org.postgresql.jdbc.PgConnection@4860627a
[2024-04-10 08:50:37,276] [main] INFO  [customer-services,,] m.zaxxer.hikari.HikariDataSource - HikariPool-1 - Start completed.
[2024-04-10 08:50:37,447] [main] INFO  [customer-services,,] SQL dialect                      - HHH000400: Using dialect: org.hibernate.dialect.PostgreSQLDialect
[2024-04-10 08:50:38,771] [main] WARN  [customer-services,,] .h.e.jdbc.spi.SqlExceptionHelper - SQL Warning Code: 0, SQLState: 00000
[2024-04-10 08:50:38,771] [main] WARN  [customer-services,,] .h.e.jdbc.spi.SqlExceptionHelper - table "tbl_customer" does not exist, skipping
[2024-04-10 08:50:39,501] [main] INFO  [customer-services,,] h.e.t.j.p.i.JtaPlatformInitiator - HHH000490: Using JtaPlatform implementation: [org.hibernate.engine.transaction.jta.platform.internal.NoJtaPlatform]
[2024-04-10 08:50:39,520] [main] INFO  [customer-services,,] ontainerEntityManagerFactoryBean - Initialized JPA EntityManagerFactory for persistence unit 'default'
[2024-04-10 08:50:40,404] [main] WARN  [customer-services,,] onfiguration$JpaWebConfiguration - spring.jpa.open-in-view is enabled by default. Therefore, database queries may be performed during view rendering. Explicitly configure spring.jpa.open-in-view to disable this warning
[2024-04-10 08:50:40,553] [main] INFO  [customer-services,,] o.s.c.o.FeignClientFactoryBean   - For 'fraud-services' URL not provided. Will try picking an instance via load-balancing.
[2024-04-10 08:50:40,652] [main] INFO  [customer-services,,] o.s.c.o.FeignClientFactoryBean   - For 'notification-services' URL not provided. Will try picking an instance via load-balancing.
[2024-04-10 08:50:42,576] [main] INFO  [customer-services,,] yClientOptionalArgsConfiguration - Eureka HTTP Client uses RestTemplate.
[2024-04-10 08:50:42,633] [main] WARN  [customer-services,,] n$LoadBalancerCaffeineWarnLogger - Spring Cloud LoadBalancer is currently working with the default cache. While this cache implementation is useful for development and tests, it's recommended to use Caffeine cache in production.You can switch to using Caffeine cache, by adding it and org.springframework.cache.caffeine.CaffeineCacheManager to the classpath.
[2024-04-10 08:50:42,654] [main] INFO  [customer-services,,] .b.a.e.web.EndpointLinksResolver - Exposing 1 endpoint(s) beneath base path '/actuator'
[2024-04-10 08:50:42,883] [main] INFO  [customer-services,,] o.a.k.c.admin.AdminClientConfig  - AdminClientConfig values: 
	bootstrap.servers = [http://localhost:9092]
	client.dns.lookup = use_all_dns_ips
	client.id = 
	connections.max.idle.ms = 300000
	default.api.timeout.ms = 60000
	metadata.max.age.ms = 300000
	metric.reporters = []
	metrics.num.samples = 2
	metrics.recording.level = INFO
	metrics.sample.window.ms = 30000
	receive.buffer.bytes = 65536
	reconnect.backoff.max.ms = 1000
	reconnect.backoff.ms = 50
	request.timeout.ms = 30000
	retries = 2147483647
	retry.backoff.ms = 100
	sasl.client.callback.handler.class = null
	sasl.jaas.config = null
	sasl.kerberos.kinit.cmd = /usr/bin/kinit
	sasl.kerberos.min.time.before.relogin = 60000
	sasl.kerberos.service.name = null
	sasl.kerberos.ticket.renew.jitter = 0.05
	sasl.kerberos.ticket.renew.window.factor = 0.8
	sasl.login.callback.handler.class = null
	sasl.login.class = null
	sasl.login.connect.timeout.ms = null
	sasl.login.read.timeout.ms = null
	sasl.login.refresh.buffer.seconds = 300
	sasl.login.refresh.min.period.seconds = 60
	sasl.login.refresh.window.factor = 0.8
	sasl.login.refresh.window.jitter = 0.05
	sasl.login.retry.backoff.max.ms = 10000
	sasl.login.retry.backoff.ms = 100
	sasl.mechanism = GSSAPI
	sasl.oauthbearer.clock.skew.seconds = 30
	sasl.oauthbearer.expected.audience = null
	sasl.oauthbearer.expected.issuer = null
	sasl.oauthbearer.jwks.endpoint.refresh.ms = 3600000
	sasl.oauthbearer.jwks.endpoint.retry.backoff.max.ms = 10000
	sasl.oauthbearer.jwks.endpoint.retry.backoff.ms = 100
	sasl.oauthbearer.jwks.endpoint.url = null
	sasl.oauthbearer.scope.claim.name = scope
	sasl.oauthbearer.sub.claim.name = sub
	sasl.oauthbearer.token.endpoint.url = null
	security.protocol = PLAINTEXT
	security.providers = null
	send.buffer.bytes = 131072
	socket.connection.setup.timeout.max.ms = 30000
	socket.connection.setup.timeout.ms = 10000
	ssl.cipher.suites = null
	ssl.enabled.protocols = [TLSv1.2, TLSv1.3]
	ssl.endpoint.identification.algorithm = https
	ssl.engine.factory.class = null
	ssl.key.password = null
	ssl.keymanager.algorithm = SunX509
	ssl.keystore.certificate.chain = null
	ssl.keystore.key = null
	ssl.keystore.location = null
	ssl.keystore.password = null
	ssl.keystore.type = JKS
	ssl.protocol = TLSv1.3
	ssl.provider = null
	ssl.secure.random.implementation = null
	ssl.trustmanager.algorithm = PKIX
	ssl.truststore.certificates = null
	ssl.truststore.location = null
	ssl.truststore.password = null
	ssl.truststore.type = JKS

[2024-04-10 08:50:43,173] [main] INFO  [customer-services,,] kafka.common.utils.AppInfoParser - Kafka version: 3.3.2
[2024-04-10 08:50:43,174] [main] INFO  [customer-services,,] kafka.common.utils.AppInfoParser - Kafka commitId: b66af662e61082cb
[2024-04-10 08:50:43,174] [main] INFO  [customer-services,,] kafka.common.utils.AppInfoParser - Kafka startTimeMs: 1712731843168
[2024-04-10 08:50:47,559] [kafka-admin-client-thread | adminclient-1] INFO  [customer-services,,] kafka.common.utils.AppInfoParser - App info kafka.admin.client for adminclient-1 unregistered
[2024-04-10 08:50:47,566] [kafka-admin-client-thread | adminclient-1] INFO  [customer-services,,] o.a.kafka.common.metrics.Metrics - Metrics scheduler closed
[2024-04-10 08:50:47,566] [kafka-admin-client-thread | adminclient-1] INFO  [customer-services,,] o.a.kafka.common.metrics.Metrics - Closing reporter org.apache.kafka.common.metrics.JmxReporter
[2024-04-10 08:50:47,566] [kafka-admin-client-thread | adminclient-1] INFO  [customer-services,,] o.a.kafka.common.metrics.Metrics - Metrics reporters closed
[2024-04-10 08:50:49,408] [main] INFO  [customer-services,,] s.c.n.eureka.InstanceInfoFactory - Setting initial instance status as: STARTING
[2024-04-10 08:50:49,464] [main] INFO  [customer-services,,] etflix.discovery.DiscoveryClient - Initializing Eureka in region us-east-1
[2024-04-10 08:50:49,472] [main] INFO  [customer-services,,] .d.s.r.aws.ConfigClusterResolver - Resolving eureka endpoints via configuration
[2024-04-10 08:50:49,513] [main] INFO  [customer-services,,] etflix.discovery.DiscoveryClient - Disable delta property : false
[2024-04-10 08:50:49,513] [main] INFO  [customer-services,,] etflix.discovery.DiscoveryClient - Single vip registry refresh property : null
[2024-04-10 08:50:49,513] [main] INFO  [customer-services,,] etflix.discovery.DiscoveryClient - Force full registry fetch : false
[2024-04-10 08:50:49,514] [main] INFO  [customer-services,,] etflix.discovery.DiscoveryClient - Application is null : false
[2024-04-10 08:50:49,514] [main] INFO  [customer-services,,] etflix.discovery.DiscoveryClient - Registered Applications size is zero : true
[2024-04-10 08:50:49,514] [main] INFO  [customer-services,,] etflix.discovery.DiscoveryClient - Application version is -1: true
[2024-04-10 08:50:49,514] [main] INFO  [customer-services,,] etflix.discovery.DiscoveryClient - Getting all instance registry info from the eureka server
[2024-04-10 08:50:49,726] [main] INFO  [customer-services,,] etflix.discovery.DiscoveryClient - The response status is 200
[2024-04-10 08:50:49,730] [main] INFO  [customer-services,,] etflix.discovery.DiscoveryClient - Starting heartbeat executor: renew interval is: 30
[2024-04-10 08:50:49,733] [main] INFO  [customer-services,,] discovery.InstanceInfoReplicator - InstanceInfoReplicator onDemand update allowed rate per min is 4
[2024-04-10 08:50:49,739] [main] INFO  [customer-services,,] etflix.discovery.DiscoveryClient - Discovery Client initialized at timestamp 1712731849737 with initial instances count: 1
[2024-04-10 08:50:49,743] [main] INFO  [customer-services,,] .s.c.n.e.s.EurekaServiceRegistry - Registering application CUSTOMER-SERVICES with eureka with status UP
[2024-04-10 08:50:49,744] [main] INFO  [customer-services,,] etflix.discovery.DiscoveryClient - Saw local status change event StatusChangeEvent [timestamp=1712731849744, current=UP, previous=STARTING]
[2024-04-10 08:50:49,746] [DiscoveryClient-InstanceInfoReplicator-0] INFO  [customer-services,,] etflix.discovery.DiscoveryClient - DiscoveryClient_CUSTOMER-SERVICES/host.docker.internal:customer-services:8080: registering service...
[2024-04-10 08:50:49,773] [main] INFO  [customer-services,,] o.s.b.w.e.tomcat.TomcatWebServer - Tomcat started on port(s): 8080 (http) with context path ''
[2024-04-10 08:50:49,774] [main] INFO  [customer-services,,] .s.EurekaAutoServiceRegistration - Updating port to 8080
[2024-04-10 08:50:49,811] [DiscoveryClient-InstanceInfoReplicator-0] INFO  [customer-services,,] etflix.discovery.DiscoveryClient - DiscoveryClient_CUSTOMER-SERVICES/host.docker.internal:customer-services:8080 - registration status: 204
[2024-04-10 08:50:49,936] [main] INFO  [customer-services,,] d.q.customer.CustomerApplication - Started CustomerApplication in 17.681 seconds (process running for 18.597)
[2024-04-10 08:50:54,336] [RMI TCP Connection(4)-192.168.1.135] INFO  [customer-services,,] a.c.c.C.[Tomcat].[localhost].[/] - Initializing Spring DispatcherServlet 'dispatcherServlet'
[2024-04-10 08:50:54,336] [RMI TCP Connection(4)-192.168.1.135] INFO  [customer-services,,] .s.web.servlet.DispatcherServlet - Initializing Servlet 'dispatcherServlet'
[2024-04-10 08:50:54,340] [RMI TCP Connection(4)-192.168.1.135] INFO  [customer-services,,] .s.web.servlet.DispatcherServlet - Completed initialization in 3 ms
[2024-04-10 08:51:39,591] [http-nio-8080-exec-2] INFO  [customer-services,661636fb636e2575527f0c28eb01c8e2,527f0c28eb01c8e2] o.s.api.AbstractOpenApiResource  - Init duration for springdoc-openapi is: 445 ms
[2024-04-10 08:51:45,024] [http-nio-8080-exec-3] INFO  [customer-services,661637017179d11267c68badb5f4e0b1,67c68badb5f4e0b1] d.a.d.q.c.c.CustomerController   - Intercept request register customer CustomerRegistrationRequest[firstName=string, lastName=string, email=string, idType=string, idValue=string, phoneNumber=string, gender=string]
[2024-04-10 08:51:45,031] [http-nio-8080-exec-3] ERROR [customer-services,661637017179d11267c68badb5f4e0b1,67c68badb5f4e0b1] .a.d.q.c.service.CustomerService - Not enough variable values available to expand 'customerId'
[2024-04-10 08:51:45,178] [http-nio-8080-exec-3] INFO  [customer-services,661637017179d11267c68badb5f4e0b1,67c68badb5f4e0b1] o.a.k.c.producer.ProducerConfig  - ProducerConfig values: 
	acks = -1
	batch.size = 16384
	bootstrap.servers = [http://localhost:9092]
	buffer.memory = 33554432
	client.dns.lookup = use_all_dns_ips
	client.id = producer-1
	compression.type = none
	connections.max.idle.ms = 540000
	delivery.timeout.ms = 120000
	enable.idempotence = true
	interceptor.classes = []
	key.serializer = class org.apache.kafka.common.serialization.StringSerializer
	linger.ms = 0
	max.block.ms = 60000
	max.in.flight.requests.per.connection = 5
	max.request.size = 1048576
	metadata.max.age.ms = 300000
	metadata.max.idle.ms = 300000
	metric.reporters = []
	metrics.num.samples = 2
	metrics.recording.level = INFO
	metrics.sample.window.ms = 30000
	partitioner.adaptive.partitioning.enable = true
	partitioner.availability.timeout.ms = 0
	partitioner.class = null
	partitioner.ignore.keys = false
	receive.buffer.bytes = 32768
	reconnect.backoff.max.ms = 1000
	reconnect.backoff.ms = 50
	request.timeout.ms = 30000
	retries = 2147483647
	retry.backoff.ms = 100
	sasl.client.callback.handler.class = null
	sasl.jaas.config = null
	sasl.kerberos.kinit.cmd = /usr/bin/kinit
	sasl.kerberos.min.time.before.relogin = 60000
	sasl.kerberos.service.name = null
	sasl.kerberos.ticket.renew.jitter = 0.05
	sasl.kerberos.ticket.renew.window.factor = 0.8
	sasl.login.callback.handler.class = null
	sasl.login.class = null
	sasl.login.connect.timeout.ms = null
	sasl.login.read.timeout.ms = null
	sasl.login.refresh.buffer.seconds = 300
	sasl.login.refresh.min.period.seconds = 60
	sasl.login.refresh.window.factor = 0.8
	sasl.login.refresh.window.jitter = 0.05
	sasl.login.retry.backoff.max.ms = 10000
	sasl.login.retry.backoff.ms = 100
	sasl.mechanism = GSSAPI
	sasl.oauthbearer.clock.skew.seconds = 30
	sasl.oauthbearer.expected.audience = null
	sasl.oauthbearer.expected.issuer = null
	sasl.oauthbearer.jwks.endpoint.refresh.ms = 3600000
	sasl.oauthbearer.jwks.endpoint.retry.backoff.max.ms = 10000
	sasl.oauthbearer.jwks.endpoint.retry.backoff.ms = 100
	sasl.oauthbearer.jwks.endpoint.url = null
	sasl.oauthbearer.scope.claim.name = scope
	sasl.oauthbearer.sub.claim.name = sub
	sasl.oauthbearer.token.endpoint.url = null
	security.protocol = PLAINTEXT
	security.providers = null
	send.buffer.bytes = 131072
	socket.connection.setup.timeout.max.ms = 30000
	socket.connection.setup.timeout.ms = 10000
	ssl.cipher.suites = null
	ssl.enabled.protocols = [TLSv1.2, TLSv1.3]
	ssl.endpoint.identification.algorithm = https
	ssl.engine.factory.class = null
	ssl.key.password = null
	ssl.keymanager.algorithm = SunX509
	ssl.keystore.certificate.chain = null
	ssl.keystore.key = null
	ssl.keystore.location = null
	ssl.keystore.password = null
	ssl.keystore.type = JKS
	ssl.protocol = TLSv1.3
	ssl.provider = null
	ssl.secure.random.implementation = null
	ssl.trustmanager.algorithm = PKIX
	ssl.truststore.certificates = null
	ssl.truststore.location = null
	ssl.truststore.password = null
	ssl.truststore.type = JKS
	transaction.timeout.ms = 60000
	transactional.id = null
	value.serializer = class org.springframework.kafka.support.serializer.JsonSerializer

[2024-04-10 08:51:45,198] [http-nio-8080-exec-3] INFO  [customer-services,661637017179d11267c68badb5f4e0b1,67c68badb5f4e0b1] k.clients.producer.KafkaProducer - [Producer clientId=producer-1] Instantiated an idempotent producer.
[2024-04-10 08:51:45,222] [http-nio-8080-exec-3] INFO  [customer-services,661637017179d11267c68badb5f4e0b1,67c68badb5f4e0b1] kafka.common.utils.AppInfoParser - Kafka version: 3.3.2
[2024-04-10 08:51:45,222] [http-nio-8080-exec-3] INFO  [customer-services,661637017179d11267c68badb5f4e0b1,67c68badb5f4e0b1] kafka.common.utils.AppInfoParser - Kafka commitId: b66af662e61082cb
[2024-04-10 08:51:45,222] [http-nio-8080-exec-3] INFO  [customer-services,661637017179d11267c68badb5f4e0b1,67c68badb5f4e0b1] kafka.common.utils.AppInfoParser - Kafka startTimeMs: 1712731905222
[2024-04-10 08:51:45,264] [kafka-producer-network-thread | producer-1] INFO  [customer-services,,] rg.apache.kafka.clients.Metadata - [Producer clientId=producer-1] Resetting the last seen epoch of partition notification-0 to 0 since the associated topicId changed from null to 1N0b2bADT4KStn7T0Ko58Q
[2024-04-10 08:51:45,264] [kafka-producer-network-thread | producer-1] INFO  [customer-services,,] rg.apache.kafka.clients.Metadata - [Producer clientId=producer-1] Resetting the last seen epoch of partition notification-5 to 0 since the associated topicId changed from null to 1N0b2bADT4KStn7T0Ko58Q
[2024-04-10 08:51:45,264] [kafka-producer-network-thread | producer-1] INFO  [customer-services,,] rg.apache.kafka.clients.Metadata - [Producer clientId=producer-1] Resetting the last seen epoch of partition notification-2 to 0 since the associated topicId changed from null to 1N0b2bADT4KStn7T0Ko58Q
[2024-04-10 08:51:45,264] [kafka-producer-network-thread | producer-1] INFO  [customer-services,,] rg.apache.kafka.clients.Metadata - [Producer clientId=producer-1] Resetting the last seen epoch of partition notification-8 to 0 since the associated topicId changed from null to 1N0b2bADT4KStn7T0Ko58Q
[2024-04-10 08:51:45,265] [kafka-producer-network-thread | producer-1] INFO  [customer-services,,] rg.apache.kafka.clients.Metadata - [Producer clientId=producer-1] Resetting the last seen epoch of partition notification-9 to 0 since the associated topicId changed from null to 1N0b2bADT4KStn7T0Ko58Q
[2024-04-10 08:51:45,265] [kafka-producer-network-thread | producer-1] INFO  [customer-services,,] rg.apache.kafka.clients.Metadata - [Producer clientId=producer-1] Resetting the last seen epoch of partition notification-1 to 0 since the associated topicId changed from null to 1N0b2bADT4KStn7T0Ko58Q
[2024-04-10 08:51:45,265] [kafka-producer-network-thread | producer-1] INFO  [customer-services,,] rg.apache.kafka.clients.Metadata - [Producer clientId=producer-1] Resetting the last seen epoch of partition notification-4 to 0 since the associated topicId changed from null to 1N0b2bADT4KStn7T0Ko58Q
[2024-04-10 08:51:45,265] [kafka-producer-network-thread | producer-1] INFO  [customer-services,,] rg.apache.kafka.clients.Metadata - [Producer clientId=producer-1] Resetting the last seen epoch of partition notification-6 to 0 since the associated topicId changed from null to 1N0b2bADT4KStn7T0Ko58Q
[2024-04-10 08:51:45,265] [kafka-producer-network-thread | producer-1] INFO  [customer-services,,] rg.apache.kafka.clients.Metadata - [Producer clientId=producer-1] Resetting the last seen epoch of partition notification-7 to 0 since the associated topicId changed from null to 1N0b2bADT4KStn7T0Ko58Q
[2024-04-10 08:51:45,265] [kafka-producer-network-thread | producer-1] INFO  [customer-services,,] rg.apache.kafka.clients.Metadata - [Producer clientId=producer-1] Resetting the last seen epoch of partition notification-3 to 0 since the associated topicId changed from null to 1N0b2bADT4KStn7T0Ko58Q
[2024-04-10 08:51:45,266] [kafka-producer-network-thread | producer-1] INFO  [customer-services,,] rg.apache.kafka.clients.Metadata - [Producer clientId=producer-1] Cluster ID: hKpIUJnEQ-yUSeIBV10MlQ
[2024-04-10 08:51:45,324] [kafka-producer-network-thread | producer-1] INFO  [customer-services,,] o.a.k.c.p.i.TransactionManager   - [Producer clientId=producer-1] ProducerId set to 1000 with epoch 0
[2024-04-10 08:53:49,589] [http-nio-8080-exec-8] INFO  [customer-services,6616377d2cf7b17e7fbd6ef35d2f8f51,7fbd6ef35d2f8f51] d.a.d.q.c.c.CustomerController   - Intercept request register customer CustomerRegistrationRequest[firstName=string, lastName=string, email=string, idType=string, idValue=string, phoneNumber=string, gender=string]
[2024-04-10 08:53:49,606] [http-nio-8080-exec-8] ERROR [customer-services,6616377d2cf7b17e7fbd6ef35d2f8f51,7fbd6ef35d2f8f51] .a.d.q.c.service.CustomerService - Not enough variable values available to expand 'customerId'
[2024-04-10 08:53:49,807] [http-nio-8080-exec-8] WARN  [customer-services,6616377d2cf7b17e7fbd6ef35d2f8f51,7fbd6ef35d2f8f51] .h.e.jdbc.spi.SqlExceptionHelper - SQL Error: 0, SQLState: 23505
[2024-04-10 08:53:49,808] [http-nio-8080-exec-8] ERROR [customer-services,6616377d2cf7b17e7fbd6ef35d2f8f51,7fbd6ef35d2f8f51] .h.e.jdbc.spi.SqlExceptionHelper - ERROR: duplicate key value violates unique constraint "uk_53apr70l6f1evldp5dn3mx01t"
  Detail: Key (email)=(string) already exists.
[2024-04-10 08:53:49,919] [http-nio-8080-exec-8] ERROR [customer-services,,] .c.c.C.[.[.[.[dispatcherServlet] - Servlet.service() for servlet [dispatcherServlet] in context with path [] threw exception [Request processing failed: org.springframework.dao.DataIntegrityViolationException: could not execute statement; SQL [n/a]; constraint [uk_53apr70l6f1evldp5dn3mx01t]] with root cause
org.postgresql.util.PSQLException: ERROR: duplicate key value violates unique constraint "uk_53apr70l6f1evldp5dn3mx01t"
  Detail: Key (email)=(string) already exists.
	at org.postgresql.core.v3.QueryExecutorImpl.receiveErrorResponse(QueryExecutorImpl.java:2676) ~[postgresql-42.5.4.jar:42.5.4]
	at org.postgresql.core.v3.QueryExecutorImpl.processResults(QueryExecutorImpl.java:2366) ~[postgresql-42.5.4.jar:42.5.4]
	at org.postgresql.core.v3.QueryExecutorImpl.execute(QueryExecutorImpl.java:356) ~[postgresql-42.5.4.jar:42.5.4]
	at org.postgresql.jdbc.PgStatement.executeInternal(PgStatement.java:496) ~[postgresql-42.5.4.jar:42.5.4]
	at org.postgresql.jdbc.PgStatement.execute(PgStatement.java:413) ~[postgresql-42.5.4.jar:42.5.4]
	at org.postgresql.jdbc.PgPreparedStatement.executeWithFlags(PgPreparedStatement.java:190) ~[postgresql-42.5.4.jar:42.5.4]
	at org.postgresql.jdbc.PgPreparedStatement.executeUpdate(PgPreparedStatement.java:152) ~[postgresql-42.5.4.jar:42.5.4]
	at com.zaxxer.hikari.pool.ProxyPreparedStatement.executeUpdate(ProxyPreparedStatement.java:61) ~[HikariCP-5.0.1.jar:na]
	at com.zaxxer.hikari.pool.HikariProxyPreparedStatement.executeUpdate(HikariProxyPreparedStatement.java) ~[HikariCP-5.0.1.jar:na]
	at org.hibernate.engine.jdbc.internal.ResultSetReturnImpl.executeUpdate(ResultSetReturnImpl.java:197) ~[hibernate-core-6.1.7.Final.jar:6.1.7.Final]
	at org.hibernate.dialect.identity.GetGeneratedKeysDelegate.executeAndExtract(GetGeneratedKeysDelegate.java:57) ~[hibernate-core-6.1.7.Final.jar:6.1.7.Final]
	at org.hibernate.id.insert.AbstractReturningDelegate.performInsert(AbstractReturningDelegate.java:42) ~[hibernate-core-6.1.7.Final.jar:6.1.7.Final]
	at org.hibernate.persister.entity.AbstractEntityPersister.insert(AbstractEntityPersister.java:3342) ~[hibernate-core-6.1.7.Final.jar:6.1.7.Final]
	at org.hibernate.persister.entity.AbstractEntityPersister.insert(AbstractEntityPersister.java:3980) ~[hibernate-core-6.1.7.Final.jar:6.1.7.Final]
	at org.hibernate.action.internal.EntityIdentityInsertAction.execute(EntityIdentityInsertAction.java:80) ~[hibernate-core-6.1.7.Final.jar:6.1.7.Final]
	at org.hibernate.engine.spi.ActionQueue.execute(ActionQueue.java:653) ~[hibernate-core-6.1.7.Final.jar:6.1.7.Final]
	at org.hibernate.engine.spi.ActionQueue.addResolvedEntityInsertAction(ActionQueue.java:283) ~[hibernate-core-6.1.7.Final.jar:6.1.7.Final]
	at org.hibernate.engine.spi.ActionQueue.addInsertAction(ActionQueue.java:264) ~[hibernate-core-6.1.7.Final.jar:6.1.7.Final]
	at org.hibernate.engine.spi.ActionQueue.addAction(ActionQueue.java:322) ~[hibernate-core-6.1.7.Final.jar:6.1.7.Final]
	at org.hibernate.event.internal.AbstractSaveEventListener.addInsertAction(AbstractSaveEventListener.java:340) ~[hibernate-core-6.1.7.Final.jar:6.1.7.Final]
	at org.hibernate.event.internal.AbstractSaveEventListener.performSaveOrReplicate(AbstractSaveEventListener.java:286) ~[hibernate-core-6.1.7.Final.jar:6.1.7.Final]
	at org.hibernate.event.internal.AbstractSaveEventListener.performSave(AbstractSaveEventListener.java:192) ~[hibernate-core-6.1.7.Final.jar:6.1.7.Final]
	at org.hibernate.event.internal.AbstractSaveEventListener.saveWithGeneratedId(AbstractSaveEventListener.java:122) ~[hibernate-core-6.1.7.Final.jar:6.1.7.Final]
	at org.hibernate.event.internal.DefaultPersistEventListener.entityIsTransient(DefaultPersistEventListener.java:184) ~[hibernate-core-6.1.7.Final.jar:6.1.7.Final]
	at org.hibernate.event.internal.DefaultPersistEventListener.onPersist(DefaultPersistEventListener.java:129) ~[hibernate-core-6.1.7.Final.jar:6.1.7.Final]
	at org.hibernate.event.internal.DefaultPersistEventListener.onPersist(DefaultPersistEventListener.java:53) ~[hibernate-core-6.1.7.Final.jar:6.1.7.Final]
	at org.hibernate.event.service.internal.EventListenerGroupImpl.fireEventOnEachListener(EventListenerGroupImpl.java:107) ~[hibernate-core-6.1.7.Final.jar:6.1.7.Final]
	at org.hibernate.internal.SessionImpl.firePersist(SessionImpl.java:737) ~[hibernate-core-6.1.7.Final.jar:6.1.7.Final]
	at org.hibernate.internal.SessionImpl.persist(SessionImpl.java:721) ~[hibernate-core-6.1.7.Final.jar:6.1.7.Final]
	at java.base/jdk.internal.reflect.NativeMethodAccessorImpl.invoke0(Native Method) ~[na:na]
	at java.base/jdk.internal.reflect.NativeMethodAccessorImpl.invoke(NativeMethodAccessorImpl.java:77) ~[na:na]
	at java.base/jdk.internal.reflect.DelegatingMethodAccessorImpl.invoke(DelegatingMethodAccessorImpl.java:43) ~[na:na]
	at java.base/java.lang.reflect.Method.invoke(Method.java:568) ~[na:na]
	at org.springframework.orm.jpa.ExtendedEntityManagerCreator$ExtendedEntityManagerInvocationHandler.invoke(ExtendedEntityManagerCreator.java:360) ~[spring-orm-6.0.7.jar:6.0.7]
	at jdk.proxy2/jdk.proxy2.$Proxy152.persist(Unknown Source) ~[na:na]
	at java.base/jdk.internal.reflect.NativeMethodAccessorImpl.invoke0(Native Method) ~[na:na]
	at java.base/jdk.internal.reflect.NativeMethodAccessorImpl.invoke(NativeMethodAccessorImpl.java:77) ~[na:na]
	at java.base/jdk.internal.reflect.DelegatingMethodAccessorImpl.invoke(DelegatingMethodAccessorImpl.java:43) ~[na:na]
	at java.base/java.lang.reflect.Method.invoke(Method.java:568) ~[na:na]
	at org.springframework.orm.jpa.SharedEntityManagerCreator$SharedEntityManagerInvocationHandler.invoke(SharedEntityManagerCreator.java:311) ~[spring-orm-6.0.7.jar:6.0.7]
	at jdk.proxy2/jdk.proxy2.$Proxy152.persist(Unknown Source) ~[na:na]
	at org.springframework.data.jpa.repository.support.SimpleJpaRepository.save(SimpleJpaRepository.java:613) ~[spring-data-jpa-3.0.4.jar:3.0.4]
	at org.springframework.data.jpa.repository.support.SimpleJpaRepository.saveAndFlush(SimpleJpaRepository.java:624) ~[spring-data-jpa-3.0.4.jar:3.0.4]
	at java.base/jdk.internal.reflect.NativeMethodAccessorImpl.invoke0(Native Method) ~[na:na]
	at java.base/jdk.internal.reflect.NativeMethodAccessorImpl.invoke(NativeMethodAccessorImpl.java:77) ~[na:na]
	at java.base/jdk.internal.reflect.DelegatingMethodAccessorImpl.invoke(DelegatingMethodAccessorImpl.java:43) ~[na:na]
	at java.base/java.lang.reflect.Method.invoke(Method.java:568) ~[na:na]
	at org.springframework.data.repository.core.support.RepositoryMethodInvoker$RepositoryFragmentMethodInvoker.lambda$new$0(RepositoryMethodInvoker.java:288) ~[spring-data-commons-3.0.4.jar:3.0.4]
	at org.springframework.data.repository.core.support.RepositoryMethodInvoker.doInvoke(RepositoryMethodInvoker.java:136) ~[spring-data-commons-3.0.4.jar:3.0.4]
	at org.springframework.data.repository.core.support.RepositoryMethodInvoker.invoke(RepositoryMethodInvoker.java:120) ~[spring-data-commons-3.0.4.jar:3.0.4]
	at org.springframework.data.repository.core.support.RepositoryComposition$RepositoryFragments.invoke(RepositoryComposition.java:516) ~[spring-data-commons-3.0.4.jar:3.0.4]
	at org.springframework.data.repository.core.support.RepositoryComposition.invoke(RepositoryComposition.java:285) ~[spring-data-commons-3.0.4.jar:3.0.4]
	at org.springframework.data.repository.core.support.RepositoryFactorySupport$ImplementationMethodExecutionInterceptor.invoke(RepositoryFactorySupport.java:628) ~[spring-data-commons-3.0.4.jar:3.0.4]
	at org.springframework.aop.framework.ReflectiveMethodInvocation.proceed(ReflectiveMethodInvocation.java:184) ~[spring-aop-6.0.7.jar:6.0.7]
	at org.springframework.data.repository.core.support.QueryExecutorMethodInterceptor.doInvoke(QueryExecutorMethodInterceptor.java:168) ~[spring-data-commons-3.0.4.jar:3.0.4]
	at org.springframework.data.repository.core.support.QueryExecutorMethodInterceptor.invoke(QueryExecutorMethodInterceptor.java:143) ~[spring-data-commons-3.0.4.jar:3.0.4]
	at org.springframework.aop.framework.ReflectiveMethodInvocation.proceed(ReflectiveMethodInvocation.java:184) ~[spring-aop-6.0.7.jar:6.0.7]
	at org.springframework.data.projection.DefaultMethodInvokingMethodInterceptor.invoke(DefaultMethodInvokingMethodInterceptor.java:77) ~[spring-data-commons-3.0.4.jar:3.0.4]
	at org.springframework.aop.framework.ReflectiveMethodInvocation.proceed(ReflectiveMethodInvocation.java:184) ~[spring-aop-6.0.7.jar:6.0.7]
	at org.springframework.transaction.interceptor.TransactionInterceptor$1.proceedWithInvocation(TransactionInterceptor.java:123) ~[spring-tx-6.0.7.jar:6.0.7]
	at org.springframework.transaction.interceptor.TransactionAspectSupport.invokeWithinTransaction(TransactionAspectSupport.java:391) ~[spring-tx-6.0.7.jar:6.0.7]
	at org.springframework.transaction.interceptor.TransactionInterceptor.invoke(TransactionInterceptor.java:119) ~[spring-tx-6.0.7.jar:6.0.7]
	at org.springframework.aop.framework.ReflectiveMethodInvocation.proceed(ReflectiveMethodInvocation.java:184) ~[spring-aop-6.0.7.jar:6.0.7]
	at org.springframework.dao.support.PersistenceExceptionTranslationInterceptor.invoke(PersistenceExceptionTranslationInterceptor.java:137) ~[spring-tx-6.0.7.jar:6.0.7]
	at org.springframework.aop.framework.ReflectiveMethodInvocation.proceed(ReflectiveMethodInvocation.java:184) ~[spring-aop-6.0.7.jar:6.0.7]
	at org.springframework.data.jpa.repository.support.CrudMethodMetadataPostProcessor$CrudMethodMetadataPopulatingMethodInterceptor.invoke(CrudMethodMetadataPostProcessor.java:163) ~[spring-data-jpa-3.0.4.jar:3.0.4]
	at org.springframework.aop.framework.ReflectiveMethodInvocation.proceed(ReflectiveMethodInvocation.java:184) ~[spring-aop-6.0.7.jar:6.0.7]
	at org.springframework.aop.interceptor.ExposeInvocationInterceptor.invoke(ExposeInvocationInterceptor.java:97) ~[spring-aop-6.0.7.jar:6.0.7]
	at org.springframework.aop.framework.ReflectiveMethodInvocation.proceed(ReflectiveMethodInvocation.java:184) ~[spring-aop-6.0.7.jar:6.0.7]
	at org.springframework.aop.framework.JdkDynamicAopProxy.invoke(JdkDynamicAopProxy.java:218) ~[spring-aop-6.0.7.jar:6.0.7]
	at jdk.proxy2/jdk.proxy2.$Proxy155.saveAndFlush(Unknown Source) ~[na:na]
	at dev.adrianalonso.dekra.quickprod.customer.service.CustomerService.registerCustomer(CustomerService.java:73) ~[classes/:na]
	at dev.adrianalonso.dekra.quickprod.customer.controller.CustomerController.registerCustomer(CustomerController.java:19) ~[classes/:na]
	at java.base/jdk.internal.reflect.NativeMethodAccessorImpl.invoke0(Native Method) ~[na:na]
	at java.base/jdk.internal.reflect.NativeMethodAccessorImpl.invoke(NativeMethodAccessorImpl.java:77) ~[na:na]
	at java.base/jdk.internal.reflect.DelegatingMethodAccessorImpl.invoke(DelegatingMethodAccessorImpl.java:43) ~[na:na]
	at java.base/java.lang.reflect.Method.invoke(Method.java:568) ~[na:na]
	at org.springframework.web.method.support.InvocableHandlerMethod.doInvoke(InvocableHandlerMethod.java:207) ~[spring-web-6.0.7.jar:6.0.7]
	at org.springframework.web.method.support.InvocableHandlerMethod.invokeForRequest(InvocableHandlerMethod.java:152) ~[spring-web-6.0.7.jar:6.0.7]
	at org.springframework.web.servlet.mvc.method.annotation.ServletInvocableHandlerMethod.invokeAndHandle(ServletInvocableHandlerMethod.java:118) ~[spring-webmvc-6.0.7.jar:6.0.7]
	at org.springframework.web.servlet.mvc.method.annotation.RequestMappingHandlerAdapter.invokeHandlerMethod(RequestMappingHandlerAdapter.java:884) ~[spring-webmvc-6.0.7.jar:6.0.7]
	at org.springframework.web.servlet.mvc.method.annotation.RequestMappingHandlerAdapter.handleInternal(RequestMappingHandlerAdapter.java:797) ~[spring-webmvc-6.0.7.jar:6.0.7]
	at org.springframework.web.servlet.mvc.method.AbstractHandlerMethodAdapter.handle(AbstractHandlerMethodAdapter.java:87) ~[spring-webmvc-6.0.7.jar:6.0.7]
	at org.springframework.web.servlet.DispatcherServlet.doDispatch(DispatcherServlet.java:1081) ~[spring-webmvc-6.0.7.jar:6.0.7]
	at org.springframework.web.servlet.DispatcherServlet.doService(DispatcherServlet.java:974) ~[spring-webmvc-6.0.7.jar:6.0.7]
	at org.springframework.web.servlet.FrameworkServlet.processRequest(FrameworkServlet.java:1011) ~[spring-webmvc-6.0.7.jar:6.0.7]
	at org.springframework.web.servlet.FrameworkServlet.doPost(FrameworkServlet.java:914) ~[spring-webmvc-6.0.7.jar:6.0.7]
	at jakarta.servlet.http.HttpServlet.service(HttpServlet.java:563) ~[tomcat-embed-core-10.1.7.jar:6.0]
	at org.springframework.web.servlet.FrameworkServlet.service(FrameworkServlet.java:885) ~[spring-webmvc-6.0.7.jar:6.0.7]
	at jakarta.servlet.http.HttpServlet.service(HttpServlet.java:631) ~[tomcat-embed-core-10.1.7.jar:6.0]
	at org.apache.catalina.core.ApplicationFilterChain.internalDoFilter(ApplicationFilterChain.java:205) ~[tomcat-embed-core-10.1.7.jar:10.1.7]
	at org.apache.catalina.core.ApplicationFilterChain.doFilter(ApplicationFilterChain.java:149) ~[tomcat-embed-core-10.1.7.jar:10.1.7]
	at org.apache.tomcat.websocket.server.WsFilter.doFilter(WsFilter.java:53) ~[tomcat-embed-websocket-10.1.7.jar:10.1.7]
	at org.apache.catalina.core.ApplicationFilterChain.internalDoFilter(ApplicationFilterChain.java:174) ~[tomcat-embed-core-10.1.7.jar:10.1.7]
	at org.apache.catalina.core.ApplicationFilterChain.doFilter(ApplicationFilterChain.java:149) ~[tomcat-embed-core-10.1.7.jar:10.1.7]
	at org.springframework.web.filter.RequestContextFilter.doFilterInternal(RequestContextFilter.java:100) ~[spring-web-6.0.7.jar:6.0.7]
	at org.springframework.web.filter.OncePerRequestFilter.doFilter(OncePerRequestFilter.java:116) ~[spring-web-6.0.7.jar:6.0.7]
	at org.apache.catalina.core.ApplicationFilterChain.internalDoFilter(ApplicationFilterChain.java:174) ~[tomcat-embed-core-10.1.7.jar:10.1.7]
	at org.apache.catalina.core.ApplicationFilterChain.doFilter(ApplicationFilterChain.java:149) ~[tomcat-embed-core-10.1.7.jar:10.1.7]
	at org.springframework.web.filter.FormContentFilter.doFilterInternal(FormContentFilter.java:93) ~[spring-web-6.0.7.jar:6.0.7]
	at org.springframework.web.filter.OncePerRequestFilter.doFilter(OncePerRequestFilter.java:116) ~[spring-web-6.0.7.jar:6.0.7]
	at org.apache.catalina.core.ApplicationFilterChain.internalDoFilter(ApplicationFilterChain.java:174) ~[tomcat-embed-core-10.1.7.jar:10.1.7]
	at org.apache.catalina.core.ApplicationFilterChain.doFilter(ApplicationFilterChain.java:149) ~[tomcat-embed-core-10.1.7.jar:10.1.7]
	at org.springframework.web.filter.ServerHttpObservationFilter.doFilterInternal(ServerHttpObservationFilter.java:109) ~[spring-web-6.0.7.jar:6.0.7]
	at org.springframework.web.filter.OncePerRequestFilter.doFilter(OncePerRequestFilter.java:116) ~[spring-web-6.0.7.jar:6.0.7]
	at org.apache.catalina.core.ApplicationFilterChain.internalDoFilter(ApplicationFilterChain.java:174) ~[tomcat-embed-core-10.1.7.jar:10.1.7]
	at org.apache.catalina.core.ApplicationFilterChain.doFilter(ApplicationFilterChain.java:149) ~[tomcat-embed-core-10.1.7.jar:10.1.7]
	at org.springframework.web.filter.CharacterEncodingFilter.doFilterInternal(CharacterEncodingFilter.java:201) ~[spring-web-6.0.7.jar:6.0.7]
	at org.springframework.web.filter.OncePerRequestFilter.doFilter(OncePerRequestFilter.java:116) ~[spring-web-6.0.7.jar:6.0.7]
	at org.apache.catalina.core.ApplicationFilterChain.internalDoFilter(ApplicationFilterChain.java:174) ~[tomcat-embed-core-10.1.7.jar:10.1.7]
	at org.apache.catalina.core.ApplicationFilterChain.doFilter(ApplicationFilterChain.java:149) ~[tomcat-embed-core-10.1.7.jar:10.1.7]
	at org.apache.catalina.core.StandardWrapperValve.invoke(StandardWrapperValve.java:166) ~[tomcat-embed-core-10.1.7.jar:10.1.7]
	at org.apache.catalina.core.StandardContextValve.invoke(StandardContextValve.java:90) ~[tomcat-embed-core-10.1.7.jar:10.1.7]
	at org.apache.catalina.authenticator.AuthenticatorBase.invoke(AuthenticatorBase.java:493) ~[tomcat-embed-core-10.1.7.jar:10.1.7]
	at org.apache.catalina.core.StandardHostValve.invoke(StandardHostValve.java:115) ~[tomcat-embed-core-10.1.7.jar:10.1.7]
	at org.apache.catalina.valves.ErrorReportValve.invoke(ErrorReportValve.java:93) ~[tomcat-embed-core-10.1.7.jar:10.1.7]
	at org.apache.catalina.core.StandardEngineValve.invoke(StandardEngineValve.java:74) ~[tomcat-embed-core-10.1.7.jar:10.1.7]
	at org.apache.catalina.connector.CoyoteAdapter.service(CoyoteAdapter.java:341) ~[tomcat-embed-core-10.1.7.jar:10.1.7]
	at org.apache.coyote.http11.Http11Processor.service(Http11Processor.java:390) ~[tomcat-embed-core-10.1.7.jar:10.1.7]
	at org.apache.coyote.AbstractProcessorLight.process(AbstractProcessorLight.java:63) ~[tomcat-embed-core-10.1.7.jar:10.1.7]
	at org.apache.coyote.AbstractProtocol$ConnectionHandler.process(AbstractProtocol.java:894) ~[tomcat-embed-core-10.1.7.jar:10.1.7]
	at org.apache.tomcat.util.net.NioEndpoint$SocketProcessor.doRun(NioEndpoint.java:1741) ~[tomcat-embed-core-10.1.7.jar:10.1.7]
	at org.apache.tomcat.util.net.SocketProcessorBase.run(SocketProcessorBase.java:52) ~[tomcat-embed-core-10.1.7.jar:10.1.7]
	at org.apache.tomcat.util.threads.ThreadPoolExecutor.runWorker(ThreadPoolExecutor.java:1191) ~[tomcat-embed-core-10.1.7.jar:10.1.7]
	at org.apache.tomcat.util.threads.ThreadPoolExecutor$Worker.run(ThreadPoolExecutor.java:659) ~[tomcat-embed-core-10.1.7.jar:10.1.7]
	at org.apache.tomcat.util.threads.TaskThread$WrappingRunnable.run(TaskThread.java:61) ~[tomcat-embed-core-10.1.7.jar:10.1.7]
	at java.base/java.lang.Thread.run(Thread.java:842) ~[na:na]
[2024-04-10 08:55:49,545] [AsyncResolver-bootstrap-executor-0] INFO  [customer-services,,] .d.s.r.aws.ConfigClusterResolver - Resolving eureka endpoints via configuration
[2024-04-10 08:57:09,846] [SpringApplicationShutdownHook] INFO  [customer-services,,] .s.c.n.e.s.EurekaServiceRegistry - Unregistering application CUSTOMER-SERVICES with eureka with status DOWN
[2024-04-10 08:57:09,847] [SpringApplicationShutdownHook] INFO  [customer-services,,] etflix.discovery.DiscoveryClient - Saw local status change event StatusChangeEvent [timestamp=1712732229847, current=DOWN, previous=UP]
[2024-04-10 08:57:09,850] [DiscoveryClient-InstanceInfoReplicator-0] INFO  [customer-services,,] etflix.discovery.DiscoveryClient - DiscoveryClient_CUSTOMER-SERVICES/host.docker.internal:customer-services:8080: registering service...
[2024-04-10 08:57:09,897] [DiscoveryClient-InstanceInfoReplicator-0] INFO  [customer-services,,] etflix.discovery.DiscoveryClient - DiscoveryClient_CUSTOMER-SERVICES/host.docker.internal:customer-services:8080 - registration status: 204
[2024-04-10 08:57:10,177] [SpringApplicationShutdownHook] INFO  [customer-services,,] ontainerEntityManagerFactoryBean - Closing JPA EntityManagerFactory for persistence unit 'default'
[2024-04-10 08:57:10,197] [SpringApplicationShutdownHook] INFO  [customer-services,,] ropperImpl$DelayedDropActionImpl - HHH000477: Starting delayed evictData of schema as part of SessionFactory shut-down'
[2024-04-10 08:57:10,389] [SpringApplicationShutdownHook] INFO  [customer-services,,] m.zaxxer.hikari.HikariDataSource - HikariPool-1 - Shutdown initiated...
[2024-04-10 08:57:10,405] [SpringApplicationShutdownHook] INFO  [customer-services,,] m.zaxxer.hikari.HikariDataSource - HikariPool-1 - Shutdown completed.
[2024-04-10 08:57:11,542] [SpringApplicationShutdownHook] INFO  [customer-services,,] etflix.discovery.DiscoveryClient - Shutting down DiscoveryClient ...
[2024-04-10 08:57:14,549] [SpringApplicationShutdownHook] INFO  [customer-services,,] etflix.discovery.DiscoveryClient - Unregistering ...
[2024-04-10 08:57:14,591] [SpringApplicationShutdownHook] INFO  [customer-services,,] etflix.discovery.DiscoveryClient - DiscoveryClient_CUSTOMER-SERVICES/host.docker.internal:customer-services:8080 - deregister  status: 200
[2024-04-10 08:57:14,596] [SpringApplicationShutdownHook] INFO  [customer-services,,] etflix.discovery.DiscoveryClient - Completed shut down of DiscoveryClient
[2024-04-10 08:58:04,859] [main] INFO  [customer-services,,] d.q.customer.CustomerApplication - No active profile set, falling back to 1 default profile: "default"
[2024-04-10 08:58:05,994] [main] INFO  [customer-services,,] .RepositoryConfigurationDelegate - Bootstrapping Spring Data JPA repositories in DEFAULT mode.
[2024-04-10 08:58:06,185] [main] INFO  [customer-services,,] .RepositoryConfigurationDelegate - Finished Spring Data repository scanning in 176 ms. Found 1 JPA repository interfaces.
[2024-04-10 08:58:06,466] [main] INFO  [customer-services,,] cloud.context.scope.GenericScope - BeanFactory id=d8d196ab-859d-3324-b300-d4efa8c17c9b
[2024-04-10 08:58:06,555] [main] INFO  [customer-services,,] elegate$BeanPostProcessorChecker - Bean 'dev.adrianalonso.dekra.quickprod.clients.fraud.FraudClient' of type [org.springframework.cloud.openfeign.FeignClientFactoryBean] is not eligible for getting processed by all BeanPostProcessors (for example: not eligible for auto-proxying)
[2024-04-10 08:58:06,556] [main] INFO  [customer-services,,] elegate$BeanPostProcessorChecker - Bean 'dev.adrianalonso.dekra.quickprod.clients.notification.NotificationClient' of type [org.springframework.cloud.openfeign.FeignClientFactoryBean] is not eligible for getting processed by all BeanPostProcessors (for example: not eligible for auto-proxying)
[2024-04-10 08:58:06,864] [main] INFO  [customer-services,,] o.s.b.w.e.tomcat.TomcatWebServer - Tomcat initialized with port(s): 8080 (http)
[2024-04-10 08:58:06,874] [main] INFO  [customer-services,,] .a.catalina.core.StandardService - Starting service [Tomcat]
[2024-04-10 08:58:06,874] [main] INFO  [customer-services,,] o.a.catalina.core.StandardEngine - Starting Servlet engine: [Apache Tomcat/10.1.7]
[2024-04-10 08:58:06,977] [main] INFO  [customer-services,,] a.c.c.C.[Tomcat].[localhost].[/] - Initializing Spring embedded WebApplicationContext
[2024-04-10 08:58:06,977] [main] INFO  [customer-services,,] rvletWebServerApplicationContext - Root WebApplicationContext: initialization completed in 2086 ms
[2024-04-10 08:58:07,442] [main] INFO  [customer-services,,] o.h.jpa.internal.util.LogHelper  - HHH000204: Processing PersistenceUnitInfo [name: default]
[2024-04-10 08:58:07,555] [main] INFO  [customer-services,,] org.hibernate.Version            - HHH000412: Hibernate ORM core version 6.1.7.Final
[2024-04-10 08:58:08,134] [main] INFO  [customer-services,,] m.zaxxer.hikari.HikariDataSource - HikariPool-1 - Starting...
[2024-04-10 08:58:08,360] [main] INFO  [customer-services,,] om.zaxxer.hikari.pool.HikariPool - HikariPool-1 - Added connection org.postgresql.jdbc.PgConnection@619854a3
[2024-04-10 08:58:08,362] [main] INFO  [customer-services,,] m.zaxxer.hikari.HikariDataSource - HikariPool-1 - Start completed.
[2024-04-10 08:58:08,480] [main] INFO  [customer-services,,] SQL dialect                      - HHH000400: Using dialect: org.hibernate.dialect.PostgreSQLDialect
[2024-04-10 08:58:09,109] [main] WARN  [customer-services,,] .h.e.jdbc.spi.SqlExceptionHelper - SQL Warning Code: 0, SQLState: 00000
[2024-04-10 08:58:09,109] [main] WARN  [customer-services,,] .h.e.jdbc.spi.SqlExceptionHelper - table "tbl_customer" does not exist, skipping
[2024-04-10 08:58:09,221] [main] INFO  [customer-services,,] h.e.t.j.p.i.JtaPlatformInitiator - HHH000490: Using JtaPlatform implementation: [org.hibernate.engine.transaction.jta.platform.internal.NoJtaPlatform]
[2024-04-10 08:58:09,230] [main] INFO  [customer-services,,] ontainerEntityManagerFactoryBean - Initialized JPA EntityManagerFactory for persistence unit 'default'
[2024-04-10 08:58:09,695] [main] WARN  [customer-services,,] onfiguration$JpaWebConfiguration - spring.jpa.open-in-view is enabled by default. Therefore, database queries may be performed during view rendering. Explicitly configure spring.jpa.open-in-view to disable this warning
[2024-04-10 08:58:09,748] [main] INFO  [customer-services,,] o.s.c.o.FeignClientFactoryBean   - For 'fraud-services' URL not provided. Will try picking an instance via load-balancing.
[2024-04-10 08:58:09,791] [main] INFO  [customer-services,,] o.s.c.o.FeignClientFactoryBean   - For 'notification-services' URL not provided. Will try picking an instance via load-balancing.
[2024-04-10 08:58:10,509] [main] INFO  [customer-services,,] yClientOptionalArgsConfiguration - Eureka HTTP Client uses RestTemplate.
[2024-04-10 08:58:10,531] [main] WARN  [customer-services,,] n$LoadBalancerCaffeineWarnLogger - Spring Cloud LoadBalancer is currently working with the default cache. While this cache implementation is useful for development and tests, it's recommended to use Caffeine cache in production.You can switch to using Caffeine cache, by adding it and org.springframework.cache.caffeine.CaffeineCacheManager to the classpath.
[2024-04-10 08:58:10,542] [main] INFO  [customer-services,,] .b.a.e.web.EndpointLinksResolver - Exposing 1 endpoint(s) beneath base path '/actuator'
[2024-04-10 08:58:10,623] [main] INFO  [customer-services,,] o.a.k.c.admin.AdminClientConfig  - AdminClientConfig values: 
	bootstrap.servers = [http://localhost:9092]
	client.dns.lookup = use_all_dns_ips
	client.id = 
	connections.max.idle.ms = 300000
	default.api.timeout.ms = 60000
	metadata.max.age.ms = 300000
	metric.reporters = []
	metrics.num.samples = 2
	metrics.recording.level = INFO
	metrics.sample.window.ms = 30000
	receive.buffer.bytes = 65536
	reconnect.backoff.max.ms = 1000
	reconnect.backoff.ms = 50
	request.timeout.ms = 30000
	retries = 2147483647
	retry.backoff.ms = 100
	sasl.client.callback.handler.class = null
	sasl.jaas.config = null
	sasl.kerberos.kinit.cmd = /usr/bin/kinit
	sasl.kerberos.min.time.before.relogin = 60000
	sasl.kerberos.service.name = null
	sasl.kerberos.ticket.renew.jitter = 0.05
	sasl.kerberos.ticket.renew.window.factor = 0.8
	sasl.login.callback.handler.class = null
	sasl.login.class = null
	sasl.login.connect.timeout.ms = null
	sasl.login.read.timeout.ms = null
	sasl.login.refresh.buffer.seconds = 300
	sasl.login.refresh.min.period.seconds = 60
	sasl.login.refresh.window.factor = 0.8
	sasl.login.refresh.window.jitter = 0.05
	sasl.login.retry.backoff.max.ms = 10000
	sasl.login.retry.backoff.ms = 100
	sasl.mechanism = GSSAPI
	sasl.oauthbearer.clock.skew.seconds = 30
	sasl.oauthbearer.expected.audience = null
	sasl.oauthbearer.expected.issuer = null
	sasl.oauthbearer.jwks.endpoint.refresh.ms = 3600000
	sasl.oauthbearer.jwks.endpoint.retry.backoff.max.ms = 10000
	sasl.oauthbearer.jwks.endpoint.retry.backoff.ms = 100
	sasl.oauthbearer.jwks.endpoint.url = null
	sasl.oauthbearer.scope.claim.name = scope
	sasl.oauthbearer.sub.claim.name = sub
	sasl.oauthbearer.token.endpoint.url = null
	security.protocol = PLAINTEXT
	security.providers = null
	send.buffer.bytes = 131072
	socket.connection.setup.timeout.max.ms = 30000
	socket.connection.setup.timeout.ms = 10000
	ssl.cipher.suites = null
	ssl.enabled.protocols = [TLSv1.2, TLSv1.3]
	ssl.endpoint.identification.algorithm = https
	ssl.engine.factory.class = null
	ssl.key.password = null
	ssl.keymanager.algorithm = SunX509
	ssl.keystore.certificate.chain = null
	ssl.keystore.key = null
	ssl.keystore.location = null
	ssl.keystore.password = null
	ssl.keystore.type = JKS
	ssl.protocol = TLSv1.3
	ssl.provider = null
	ssl.secure.random.implementation = null
	ssl.trustmanager.algorithm = PKIX
	ssl.truststore.certificates = null
	ssl.truststore.location = null
	ssl.truststore.password = null
	ssl.truststore.type = JKS

[2024-04-10 08:58:10,703] [main] INFO  [customer-services,,] kafka.common.utils.AppInfoParser - Kafka version: 3.3.2
[2024-04-10 08:58:10,703] [main] INFO  [customer-services,,] kafka.common.utils.AppInfoParser - Kafka commitId: b66af662e61082cb
[2024-04-10 08:58:10,703] [main] INFO  [customer-services,,] kafka.common.utils.AppInfoParser - Kafka startTimeMs: 1712732290701
[2024-04-10 08:58:11,233] [kafka-admin-client-thread | adminclient-1] INFO  [customer-services,,] kafka.common.utils.AppInfoParser - App info kafka.admin.client for adminclient-1 unregistered
[2024-04-10 08:58:11,238] [kafka-admin-client-thread | adminclient-1] INFO  [customer-services,,] o.a.kafka.common.metrics.Metrics - Metrics scheduler closed
[2024-04-10 08:58:11,238] [kafka-admin-client-thread | adminclient-1] INFO  [customer-services,,] o.a.kafka.common.metrics.Metrics - Closing reporter org.apache.kafka.common.metrics.JmxReporter
[2024-04-10 08:58:11,238] [kafka-admin-client-thread | adminclient-1] INFO  [customer-services,,] o.a.kafka.common.metrics.Metrics - Metrics reporters closed
[2024-04-10 08:58:11,249] [main] INFO  [customer-services,,] s.c.n.eureka.InstanceInfoFactory - Setting initial instance status as: STARTING
[2024-04-10 08:58:11,286] [main] INFO  [customer-services,,] etflix.discovery.DiscoveryClient - Initializing Eureka in region us-east-1
[2024-04-10 08:58:11,292] [main] INFO  [customer-services,,] .d.s.r.aws.ConfigClusterResolver - Resolving eureka endpoints via configuration
[2024-04-10 08:58:11,320] [main] INFO  [customer-services,,] etflix.discovery.DiscoveryClient - Disable delta property : false
[2024-04-10 08:58:11,320] [main] INFO  [customer-services,,] etflix.discovery.DiscoveryClient - Single vip registry refresh property : null
[2024-04-10 08:58:11,320] [main] INFO  [customer-services,,] etflix.discovery.DiscoveryClient - Force full registry fetch : false
[2024-04-10 08:58:11,320] [main] INFO  [customer-services,,] etflix.discovery.DiscoveryClient - Application is null : false
[2024-04-10 08:58:11,320] [main] INFO  [customer-services,,] etflix.discovery.DiscoveryClient - Registered Applications size is zero : true
[2024-04-10 08:58:11,320] [main] INFO  [customer-services,,] etflix.discovery.DiscoveryClient - Application version is -1: true
[2024-04-10 08:58:11,320] [main] INFO  [customer-services,,] etflix.discovery.DiscoveryClient - Getting all instance registry info from the eureka server
[2024-04-10 08:58:11,498] [main] INFO  [customer-services,,] etflix.discovery.DiscoveryClient - The response status is 200
[2024-04-10 08:58:11,501] [main] INFO  [customer-services,,] etflix.discovery.DiscoveryClient - Starting heartbeat executor: renew interval is: 30
[2024-04-10 08:58:11,504] [main] INFO  [customer-services,,] discovery.InstanceInfoReplicator - InstanceInfoReplicator onDemand update allowed rate per min is 4
[2024-04-10 08:58:11,510] [main] INFO  [customer-services,,] etflix.discovery.DiscoveryClient - Discovery Client initialized at timestamp 1712732291509 with initial instances count: 3
[2024-04-10 08:58:11,512] [main] INFO  [customer-services,,] .s.c.n.e.s.EurekaServiceRegistry - Registering application CUSTOMER-SERVICES with eureka with status UP
[2024-04-10 08:58:11,513] [main] INFO  [customer-services,,] etflix.discovery.DiscoveryClient - Saw local status change event StatusChangeEvent [timestamp=1712732291513, current=UP, previous=STARTING]
[2024-04-10 08:58:11,514] [DiscoveryClient-InstanceInfoReplicator-0] INFO  [customer-services,,] etflix.discovery.DiscoveryClient - DiscoveryClient_CUSTOMER-SERVICES/host.docker.internal:customer-services:8080: registering service...
[2024-04-10 08:58:11,528] [main] INFO  [customer-services,,] o.s.b.w.e.tomcat.TomcatWebServer - Tomcat started on port(s): 8080 (http) with context path ''
[2024-04-10 08:58:11,528] [main] INFO  [customer-services,,] .s.EurekaAutoServiceRegistration - Updating port to 8080
[2024-04-10 08:58:11,550] [DiscoveryClient-InstanceInfoReplicator-0] INFO  [customer-services,,] etflix.discovery.DiscoveryClient - DiscoveryClient_CUSTOMER-SERVICES/host.docker.internal:customer-services:8080 - registration status: 204
[2024-04-10 08:58:11,604] [main] INFO  [customer-services,,] d.q.customer.CustomerApplication - Started CustomerApplication in 7.889 seconds (process running for 8.569)
[2024-04-10 08:58:11,726] [RMI TCP Connection(4)-192.168.1.135] INFO  [customer-services,,] a.c.c.C.[Tomcat].[localhost].[/] - Initializing Spring DispatcherServlet 'dispatcherServlet'
[2024-04-10 08:58:11,728] [RMI TCP Connection(4)-192.168.1.135] INFO  [customer-services,,] .s.web.servlet.DispatcherServlet - Initializing Servlet 'dispatcherServlet'
[2024-04-10 08:58:11,730] [RMI TCP Connection(4)-192.168.1.135] INFO  [customer-services,,] .s.web.servlet.DispatcherServlet - Completed initialization in 2 ms
[2024-04-10 08:58:18,229] [http-nio-8080-exec-1] INFO  [customer-services,6616388afb5f19ef6c17cdfc6a4d6d5e,6c17cdfc6a4d6d5e] d.a.d.q.c.c.CustomerController   - Intercept request register customer CustomerRegistrationRequest[firstName=string, lastName=string, email=string, idType=string, idValue=string, phoneNumber=string, gender=string]
[2024-04-10 08:58:22,097] [http-nio-8080-exec-1] INFO  [customer-services,6616388afb5f19ef6c17cdfc6a4d6d5e,6c17cdfc6a4d6d5e] o.a.k.c.producer.ProducerConfig  - ProducerConfig values: 
	acks = -1
	batch.size = 16384
	bootstrap.servers = [http://localhost:9092]
	buffer.memory = 33554432
	client.dns.lookup = use_all_dns_ips
	client.id = producer-1
	compression.type = none
	connections.max.idle.ms = 540000
	delivery.timeout.ms = 120000
	enable.idempotence = true
	interceptor.classes = []
	key.serializer = class org.apache.kafka.common.serialization.StringSerializer
	linger.ms = 0
	max.block.ms = 60000
	max.in.flight.requests.per.connection = 5
	max.request.size = 1048576
	metadata.max.age.ms = 300000
	metadata.max.idle.ms = 300000
	metric.reporters = []
	metrics.num.samples = 2
	metrics.recording.level = INFO
	metrics.sample.window.ms = 30000
	partitioner.adaptive.partitioning.enable = true
	partitioner.availability.timeout.ms = 0
	partitioner.class = null
	partitioner.ignore.keys = false
	receive.buffer.bytes = 32768
	reconnect.backoff.max.ms = 1000
	reconnect.backoff.ms = 50
	request.timeout.ms = 30000
	retries = 2147483647
	retry.backoff.ms = 100
	sasl.client.callback.handler.class = null
	sasl.jaas.config = null
	sasl.kerberos.kinit.cmd = /usr/bin/kinit
	sasl.kerberos.min.time.before.relogin = 60000
	sasl.kerberos.service.name = null
	sasl.kerberos.ticket.renew.jitter = 0.05
	sasl.kerberos.ticket.renew.window.factor = 0.8
	sasl.login.callback.handler.class = null
	sasl.login.class = null
	sasl.login.connect.timeout.ms = null
	sasl.login.read.timeout.ms = null
	sasl.login.refresh.buffer.seconds = 300
	sasl.login.refresh.min.period.seconds = 60
	sasl.login.refresh.window.factor = 0.8
	sasl.login.refresh.window.jitter = 0.05
	sasl.login.retry.backoff.max.ms = 10000
	sasl.login.retry.backoff.ms = 100
	sasl.mechanism = GSSAPI
	sasl.oauthbearer.clock.skew.seconds = 30
	sasl.oauthbearer.expected.audience = null
	sasl.oauthbearer.expected.issuer = null
	sasl.oauthbearer.jwks.endpoint.refresh.ms = 3600000
	sasl.oauthbearer.jwks.endpoint.retry.backoff.max.ms = 10000
	sasl.oauthbearer.jwks.endpoint.retry.backoff.ms = 100
	sasl.oauthbearer.jwks.endpoint.url = null
	sasl.oauthbearer.scope.claim.name = scope
	sasl.oauthbearer.sub.claim.name = sub
	sasl.oauthbearer.token.endpoint.url = null
	security.protocol = PLAINTEXT
	security.providers = null
	send.buffer.bytes = 131072
	socket.connection.setup.timeout.max.ms = 30000
	socket.connection.setup.timeout.ms = 10000
	ssl.cipher.suites = null
	ssl.enabled.protocols = [TLSv1.2, TLSv1.3]
	ssl.endpoint.identification.algorithm = https
	ssl.engine.factory.class = null
	ssl.key.password = null
	ssl.keymanager.algorithm = SunX509
	ssl.keystore.certificate.chain = null
	ssl.keystore.key = null
	ssl.keystore.location = null
	ssl.keystore.password = null
	ssl.keystore.type = JKS
	ssl.protocol = TLSv1.3
	ssl.provider = null
	ssl.secure.random.implementation = null
	ssl.trustmanager.algorithm = PKIX
	ssl.truststore.certificates = null
	ssl.truststore.location = null
	ssl.truststore.password = null
	ssl.truststore.type = JKS
	transaction.timeout.ms = 60000
	transactional.id = null
	value.serializer = class org.springframework.kafka.support.serializer.JsonSerializer

[2024-04-10 08:58:22,115] [http-nio-8080-exec-1] INFO  [customer-services,6616388afb5f19ef6c17cdfc6a4d6d5e,6c17cdfc6a4d6d5e] k.clients.producer.KafkaProducer - [Producer clientId=producer-1] Instantiated an idempotent producer.
[2024-04-10 08:58:22,134] [http-nio-8080-exec-1] INFO  [customer-services,6616388afb5f19ef6c17cdfc6a4d6d5e,6c17cdfc6a4d6d5e] kafka.common.utils.AppInfoParser - Kafka version: 3.3.2
[2024-04-10 08:58:22,134] [http-nio-8080-exec-1] INFO  [customer-services,6616388afb5f19ef6c17cdfc6a4d6d5e,6c17cdfc6a4d6d5e] kafka.common.utils.AppInfoParser - Kafka commitId: b66af662e61082cb
[2024-04-10 08:58:22,134] [http-nio-8080-exec-1] INFO  [customer-services,6616388afb5f19ef6c17cdfc6a4d6d5e,6c17cdfc6a4d6d5e] kafka.common.utils.AppInfoParser - Kafka startTimeMs: 1712732302134
[2024-04-10 08:58:22,157] [kafka-producer-network-thread | producer-1] INFO  [customer-services,,] rg.apache.kafka.clients.Metadata - [Producer clientId=producer-1] Resetting the last seen epoch of partition notification-0 to 0 since the associated topicId changed from null to 1N0b2bADT4KStn7T0Ko58Q
[2024-04-10 08:58:22,157] [kafka-producer-network-thread | producer-1] INFO  [customer-services,,] rg.apache.kafka.clients.Metadata - [Producer clientId=producer-1] Resetting the last seen epoch of partition notification-5 to 0 since the associated topicId changed from null to 1N0b2bADT4KStn7T0Ko58Q
[2024-04-10 08:58:22,157] [kafka-producer-network-thread | producer-1] INFO  [customer-services,,] rg.apache.kafka.clients.Metadata - [Producer clientId=producer-1] Resetting the last seen epoch of partition notification-2 to 0 since the associated topicId changed from null to 1N0b2bADT4KStn7T0Ko58Q
[2024-04-10 08:58:22,157] [kafka-producer-network-thread | producer-1] INFO  [customer-services,,] rg.apache.kafka.clients.Metadata - [Producer clientId=producer-1] Resetting the last seen epoch of partition notification-8 to 0 since the associated topicId changed from null to 1N0b2bADT4KStn7T0Ko58Q
[2024-04-10 08:58:22,157] [kafka-producer-network-thread | producer-1] INFO  [customer-services,,] rg.apache.kafka.clients.Metadata - [Producer clientId=producer-1] Resetting the last seen epoch of partition notification-9 to 0 since the associated topicId changed from null to 1N0b2bADT4KStn7T0Ko58Q
[2024-04-10 08:58:22,157] [kafka-producer-network-thread | producer-1] INFO  [customer-services,,] rg.apache.kafka.clients.Metadata - [Producer clientId=producer-1] Resetting the last seen epoch of partition notification-1 to 0 since the associated topicId changed from null to 1N0b2bADT4KStn7T0Ko58Q
[2024-04-10 08:58:22,157] [kafka-producer-network-thread | producer-1] INFO  [customer-services,,] rg.apache.kafka.clients.Metadata - [Producer clientId=producer-1] Resetting the last seen epoch of partition notification-4 to 0 since the associated topicId changed from null to 1N0b2bADT4KStn7T0Ko58Q
[2024-04-10 08:58:22,157] [kafka-producer-network-thread | producer-1] INFO  [customer-services,,] rg.apache.kafka.clients.Metadata - [Producer clientId=producer-1] Resetting the last seen epoch of partition notification-6 to 0 since the associated topicId changed from null to 1N0b2bADT4KStn7T0Ko58Q
[2024-04-10 08:58:22,157] [kafka-producer-network-thread | producer-1] INFO  [customer-services,,] rg.apache.kafka.clients.Metadata - [Producer clientId=producer-1] Resetting the last seen epoch of partition notification-7 to 0 since the associated topicId changed from null to 1N0b2bADT4KStn7T0Ko58Q
[2024-04-10 08:58:22,157] [kafka-producer-network-thread | producer-1] INFO  [customer-services,,] rg.apache.kafka.clients.Metadata - [Producer clientId=producer-1] Resetting the last seen epoch of partition notification-3 to 0 since the associated topicId changed from null to 1N0b2bADT4KStn7T0Ko58Q
[2024-04-10 08:58:22,158] [kafka-producer-network-thread | producer-1] INFO  [customer-services,,] rg.apache.kafka.clients.Metadata - [Producer clientId=producer-1] Cluster ID: hKpIUJnEQ-yUSeIBV10MlQ
[2024-04-10 08:58:22,225] [kafka-producer-network-thread | producer-1] INFO  [customer-services,,] o.a.k.c.p.i.TransactionManager   - [Producer clientId=producer-1] ProducerId set to 1001 with epoch 0
[2024-04-10 08:59:00,221] [http-nio-8080-exec-3] INFO  [customer-services,661638b4e69a3439ca9c7dc9e88e2065,ca9c7dc9e88e2065] d.a.d.q.c.c.CustomerController   - Intercept request register customer CustomerRegistrationRequest[firstName=string, lastName=string, email=string, idType=string, idValue=string, phoneNumber=string, gender=string]
[2024-04-10 08:59:00,380] [http-nio-8080-exec-3] WARN  [customer-services,661638b4e69a3439ca9c7dc9e88e2065,ca9c7dc9e88e2065] .a.d.q.c.service.CustomerService - Customer ID null is fraudster
[2024-04-10 08:59:00,394] [http-nio-8080-exec-3] ERROR [customer-services,,] .c.c.C.[.[.[.[dispatcherServlet] - Servlet.service() for servlet [dispatcherServlet] in context with path [] threw exception [Request processing failed: java.lang.IllegalStateException: Fraudster] with root cause
java.lang.IllegalStateException: Fraudster
	at dev.adrianalonso.dekra.quickprod.customer.service.CustomerService.registerCustomer(CustomerService.java:51) ~[classes/:na]
	at dev.adrianalonso.dekra.quickprod.customer.controller.CustomerController.registerCustomer(CustomerController.java:19) ~[classes/:na]
	at java.base/jdk.internal.reflect.NativeMethodAccessorImpl.invoke0(Native Method) ~[na:na]
	at java.base/jdk.internal.reflect.NativeMethodAccessorImpl.invoke(NativeMethodAccessorImpl.java:77) ~[na:na]
	at java.base/jdk.internal.reflect.DelegatingMethodAccessorImpl.invoke(DelegatingMethodAccessorImpl.java:43) ~[na:na]
	at java.base/java.lang.reflect.Method.invoke(Method.java:568) ~[na:na]
	at org.springframework.web.method.support.InvocableHandlerMethod.doInvoke(InvocableHandlerMethod.java:207) ~[spring-web-6.0.7.jar:6.0.7]
	at org.springframework.web.method.support.InvocableHandlerMethod.invokeForRequest(InvocableHandlerMethod.java:152) ~[spring-web-6.0.7.jar:6.0.7]
	at org.springframework.web.servlet.mvc.method.annotation.ServletInvocableHandlerMethod.invokeAndHandle(ServletInvocableHandlerMethod.java:118) ~[spring-webmvc-6.0.7.jar:6.0.7]
	at org.springframework.web.servlet.mvc.method.annotation.RequestMappingHandlerAdapter.invokeHandlerMethod(RequestMappingHandlerAdapter.java:884) ~[spring-webmvc-6.0.7.jar:6.0.7]
	at org.springframework.web.servlet.mvc.method.annotation.RequestMappingHandlerAdapter.handleInternal(RequestMappingHandlerAdapter.java:797) ~[spring-webmvc-6.0.7.jar:6.0.7]
	at org.springframework.web.servlet.mvc.method.AbstractHandlerMethodAdapter.handle(AbstractHandlerMethodAdapter.java:87) ~[spring-webmvc-6.0.7.jar:6.0.7]
	at org.springframework.web.servlet.DispatcherServlet.doDispatch(DispatcherServlet.java:1081) ~[spring-webmvc-6.0.7.jar:6.0.7]
	at org.springframework.web.servlet.DispatcherServlet.doService(DispatcherServlet.java:974) ~[spring-webmvc-6.0.7.jar:6.0.7]
	at org.springframework.web.servlet.FrameworkServlet.processRequest(FrameworkServlet.java:1011) ~[spring-webmvc-6.0.7.jar:6.0.7]
	at org.springframework.web.servlet.FrameworkServlet.doPost(FrameworkServlet.java:914) ~[spring-webmvc-6.0.7.jar:6.0.7]
	at jakarta.servlet.http.HttpServlet.service(HttpServlet.java:563) ~[tomcat-embed-core-10.1.7.jar:6.0]
	at org.springframework.web.servlet.FrameworkServlet.service(FrameworkServlet.java:885) ~[spring-webmvc-6.0.7.jar:6.0.7]
	at jakarta.servlet.http.HttpServlet.service(HttpServlet.java:631) ~[tomcat-embed-core-10.1.7.jar:6.0]
	at org.apache.catalina.core.ApplicationFilterChain.internalDoFilter(ApplicationFilterChain.java:205) ~[tomcat-embed-core-10.1.7.jar:10.1.7]
	at org.apache.catalina.core.ApplicationFilterChain.doFilter(ApplicationFilterChain.java:149) ~[tomcat-embed-core-10.1.7.jar:10.1.7]
	at org.apache.tomcat.websocket.server.WsFilter.doFilter(WsFilter.java:53) ~[tomcat-embed-websocket-10.1.7.jar:10.1.7]
	at org.apache.catalina.core.ApplicationFilterChain.internalDoFilter(ApplicationFilterChain.java:174) ~[tomcat-embed-core-10.1.7.jar:10.1.7]
	at org.apache.catalina.core.ApplicationFilterChain.doFilter(ApplicationFilterChain.java:149) ~[tomcat-embed-core-10.1.7.jar:10.1.7]
	at org.springframework.web.filter.RequestContextFilter.doFilterInternal(RequestContextFilter.java:100) ~[spring-web-6.0.7.jar:6.0.7]
	at org.springframework.web.filter.OncePerRequestFilter.doFilter(OncePerRequestFilter.java:116) ~[spring-web-6.0.7.jar:6.0.7]
	at org.apache.catalina.core.ApplicationFilterChain.internalDoFilter(ApplicationFilterChain.java:174) ~[tomcat-embed-core-10.1.7.jar:10.1.7]
	at org.apache.catalina.core.ApplicationFilterChain.doFilter(ApplicationFilterChain.java:149) ~[tomcat-embed-core-10.1.7.jar:10.1.7]
	at org.springframework.web.filter.FormContentFilter.doFilterInternal(FormContentFilter.java:93) ~[spring-web-6.0.7.jar:6.0.7]
	at org.springframework.web.filter.OncePerRequestFilter.doFilter(OncePerRequestFilter.java:116) ~[spring-web-6.0.7.jar:6.0.7]
	at org.apache.catalina.core.ApplicationFilterChain.internalDoFilter(ApplicationFilterChain.java:174) ~[tomcat-embed-core-10.1.7.jar:10.1.7]
	at org.apache.catalina.core.ApplicationFilterChain.doFilter(ApplicationFilterChain.java:149) ~[tomcat-embed-core-10.1.7.jar:10.1.7]
	at org.springframework.web.filter.ServerHttpObservationFilter.doFilterInternal(ServerHttpObservationFilter.java:109) ~[spring-web-6.0.7.jar:6.0.7]
	at org.springframework.web.filter.OncePerRequestFilter.doFilter(OncePerRequestFilter.java:116) ~[spring-web-6.0.7.jar:6.0.7]
	at org.apache.catalina.core.ApplicationFilterChain.internalDoFilter(ApplicationFilterChain.java:174) ~[tomcat-embed-core-10.1.7.jar:10.1.7]
	at org.apache.catalina.core.ApplicationFilterChain.doFilter(ApplicationFilterChain.java:149) ~[tomcat-embed-core-10.1.7.jar:10.1.7]
	at org.springframework.web.filter.CharacterEncodingFilter.doFilterInternal(CharacterEncodingFilter.java:201) ~[spring-web-6.0.7.jar:6.0.7]
	at org.springframework.web.filter.OncePerRequestFilter.doFilter(OncePerRequestFilter.java:116) ~[spring-web-6.0.7.jar:6.0.7]
	at org.apache.catalina.core.ApplicationFilterChain.internalDoFilter(ApplicationFilterChain.java:174) ~[tomcat-embed-core-10.1.7.jar:10.1.7]
	at org.apache.catalina.core.ApplicationFilterChain.doFilter(ApplicationFilterChain.java:149) ~[tomcat-embed-core-10.1.7.jar:10.1.7]
	at org.apache.catalina.core.StandardWrapperValve.invoke(StandardWrapperValve.java:166) ~[tomcat-embed-core-10.1.7.jar:10.1.7]
	at org.apache.catalina.core.StandardContextValve.invoke(StandardContextValve.java:90) ~[tomcat-embed-core-10.1.7.jar:10.1.7]
	at org.apache.catalina.authenticator.AuthenticatorBase.invoke(AuthenticatorBase.java:493) ~[tomcat-embed-core-10.1.7.jar:10.1.7]
	at org.apache.catalina.core.StandardHostValve.invoke(StandardHostValve.java:115) ~[tomcat-embed-core-10.1.7.jar:10.1.7]
	at org.apache.catalina.valves.ErrorReportValve.invoke(ErrorReportValve.java:93) ~[tomcat-embed-core-10.1.7.jar:10.1.7]
	at org.apache.catalina.core.StandardEngineValve.invoke(StandardEngineValve.java:74) ~[tomcat-embed-core-10.1.7.jar:10.1.7]
	at org.apache.catalina.connector.CoyoteAdapter.service(CoyoteAdapter.java:341) ~[tomcat-embed-core-10.1.7.jar:10.1.7]
	at org.apache.coyote.http11.Http11Processor.service(Http11Processor.java:390) ~[tomcat-embed-core-10.1.7.jar:10.1.7]
	at org.apache.coyote.AbstractProcessorLight.process(AbstractProcessorLight.java:63) ~[tomcat-embed-core-10.1.7.jar:10.1.7]
	at org.apache.coyote.AbstractProtocol$ConnectionHandler.process(AbstractProtocol.java:894) ~[tomcat-embed-core-10.1.7.jar:10.1.7]
	at org.apache.tomcat.util.net.NioEndpoint$SocketProcessor.doRun(NioEndpoint.java:1741) ~[tomcat-embed-core-10.1.7.jar:10.1.7]
	at org.apache.tomcat.util.net.SocketProcessorBase.run(SocketProcessorBase.java:52) ~[tomcat-embed-core-10.1.7.jar:10.1.7]
	at org.apache.tomcat.util.threads.ThreadPoolExecutor.runWorker(ThreadPoolExecutor.java:1191) ~[tomcat-embed-core-10.1.7.jar:10.1.7]
	at org.apache.tomcat.util.threads.ThreadPoolExecutor$Worker.run(ThreadPoolExecutor.java:659) ~[tomcat-embed-core-10.1.7.jar:10.1.7]
	at org.apache.tomcat.util.threads.TaskThread$WrappingRunnable.run(TaskThread.java:61) ~[tomcat-embed-core-10.1.7.jar:10.1.7]
	at java.base/java.lang.Thread.run(Thread.java:842) ~[na:na]
[2024-04-10 08:59:21,407] [SpringApplicationShutdownHook] INFO  [customer-services,,] .s.c.n.e.s.EurekaServiceRegistry - Unregistering application CUSTOMER-SERVICES with eureka with status DOWN
[2024-04-10 08:59:21,407] [SpringApplicationShutdownHook] INFO  [customer-services,,] etflix.discovery.DiscoveryClient - Saw local status change event StatusChangeEvent [timestamp=1712732361407, current=DOWN, previous=UP]
[2024-04-10 08:59:21,407] [DiscoveryClient-InstanceInfoReplicator-0] INFO  [customer-services,,] etflix.discovery.DiscoveryClient - DiscoveryClient_CUSTOMER-SERVICES/host.docker.internal:customer-services:8080: registering service...
[2024-04-10 08:59:21,433] [DiscoveryClient-InstanceInfoReplicator-0] INFO  [customer-services,,] etflix.discovery.DiscoveryClient - DiscoveryClient_CUSTOMER-SERVICES/host.docker.internal:customer-services:8080 - registration status: 204
[2024-04-10 08:59:21,571] [SpringApplicationShutdownHook] INFO  [customer-services,,] ontainerEntityManagerFactoryBean - Closing JPA EntityManagerFactory for persistence unit 'default'
[2024-04-10 08:59:21,589] [SpringApplicationShutdownHook] INFO  [customer-services,,] ropperImpl$DelayedDropActionImpl - HHH000477: Starting delayed evictData of schema as part of SessionFactory shut-down'
[2024-04-10 08:59:21,685] [SpringApplicationShutdownHook] INFO  [customer-services,,] m.zaxxer.hikari.HikariDataSource - HikariPool-1 - Shutdown initiated...
[2024-04-10 08:59:21,708] [SpringApplicationShutdownHook] INFO  [customer-services,,] m.zaxxer.hikari.HikariDataSource - HikariPool-1 - Shutdown completed.
[2024-04-10 08:59:21,924] [SpringApplicationShutdownHook] INFO  [customer-services,,] etflix.discovery.DiscoveryClient - Shutting down DiscoveryClient ...
[2024-04-10 08:59:24,931] [SpringApplicationShutdownHook] INFO  [customer-services,,] etflix.discovery.DiscoveryClient - Unregistering ...
[2024-04-10 08:59:24,958] [SpringApplicationShutdownHook] INFO  [customer-services,,] .t.d.RedirectingEurekaHttpClient - Request execution error. endpoint=DefaultEndpoint{ serviceUrl='http://localhost:8761/eureka/} exception=I/O error on DELETE request for "http://localhost:8761/eureka/apps/CUSTOMER-SERVICES/host.docker.internal:customer-services:8080": Connect to http://localhost:8761 [localhost/127.0.0.1, localhost/0:0:0:0:0:0:0:1] failed: Connection refused: no further information stacktrace=org.springframework.web.client.ResourceAccessException: I/O error on DELETE request for "http://localhost:8761/eureka/apps/CUSTOMER-SERVICES/host.docker.internal:customer-services:8080": Connect to http://localhost:8761 [localhost/127.0.0.1, localhost/0:0:0:0:0:0:0:1] failed: Connection refused: no further information
	at org.springframework.web.client.RestTemplate.createResourceAccessException(RestTemplate.java:888)
	at org.springframework.web.client.RestTemplate.doExecute(RestTemplate.java:868)
	at org.springframework.web.client.RestTemplate.execute(RestTemplate.java:764)
	at org.springframework.web.client.RestTemplate.exchange(RestTemplate.java:646)
	at org.springframework.cloud.netflix.eureka.http.RestTemplateEurekaHttpClient.cancel(RestTemplateEurekaHttpClient.java:87)
	at com.netflix.discovery.shared.transport.decorator.EurekaHttpClientDecorator$2.execute(EurekaHttpClientDecorator.java:74)
	at com.netflix.discovery.shared.transport.decorator.RedirectingEurekaHttpClient.execute(RedirectingEurekaHttpClient.java:91)
	at com.netflix.discovery.shared.transport.decorator.EurekaHttpClientDecorator.cancel(EurekaHttpClientDecorator.java:71)
	at com.netflix.discovery.shared.transport.decorator.EurekaHttpClientDecorator$2.execute(EurekaHttpClientDecorator.java:74)
	at com.netflix.discovery.shared.transport.decorator.RetryableEurekaHttpClient.execute(RetryableEurekaHttpClient.java:120)
	at com.netflix.discovery.shared.transport.decorator.EurekaHttpClientDecorator.cancel(EurekaHttpClientDecorator.java:71)
	at com.netflix.discovery.shared.transport.decorator.EurekaHttpClientDecorator$2.execute(EurekaHttpClientDecorator.java:74)
	at com.netflix.discovery.shared.transport.decorator.SessionedEurekaHttpClient.execute(SessionedEurekaHttpClient.java:77)
	at com.netflix.discovery.shared.transport.decorator.EurekaHttpClientDecorator.cancel(EurekaHttpClientDecorator.java:71)
	at com.netflix.discovery.DiscoveryClient.unregister(DiscoveryClient.java:916)
	at com.netflix.discovery.DiscoveryClient.shutdown(DiscoveryClient.java:892)
	at java.base/jdk.internal.reflect.NativeMethodAccessorImpl.invoke0(Native Method)
	at java.base/jdk.internal.reflect.NativeMethodAccessorImpl.invoke(NativeMethodAccessorImpl.java:77)
	at java.base/jdk.internal.reflect.DelegatingMethodAccessorImpl.invoke(DelegatingMethodAccessorImpl.java:43)
	at java.base/java.lang.reflect.Method.invoke(Method.java:568)
	at org.springframework.beans.factory.annotation.InitDestroyAnnotationBeanPostProcessor$LifecycleElement.invoke(InitDestroyAnnotationBeanPostProcessor.java:425)
	at org.springframework.beans.factory.annotation.InitDestroyAnnotationBeanPostProcessor$LifecycleMetadata.invokeDestroyMethods(InitDestroyAnnotationBeanPostProcessor.java:383)
	at org.springframework.beans.factory.annotation.InitDestroyAnnotationBeanPostProcessor.postProcessBeforeDestruction(InitDestroyAnnotationBeanPostProcessor.java:213)
	at org.springframework.beans.factory.support.DisposableBeanAdapter.destroy(DisposableBeanAdapter.java:191)
	at org.springframework.beans.factory.support.DisposableBeanAdapter.run(DisposableBeanAdapter.java:184)
	at org.springframework.cloud.context.scope.GenericScope$BeanLifecycleWrapper.destroy(GenericScope.java:389)
	at org.springframework.cloud.context.scope.GenericScope.destroy(GenericScope.java:136)
	at org.springframework.beans.factory.support.DisposableBeanAdapter.destroy(DisposableBeanAdapter.java:200)
	at org.springframework.beans.factory.support.DefaultSingletonBeanRegistry.destroyBean(DefaultSingletonBeanRegistry.java:587)
	at org.springframework.beans.factory.support.DefaultSingletonBeanRegistry.destroySingleton(DefaultSingletonBeanRegistry.java:559)
	at org.springframework.beans.factory.support.DefaultListableBeanFactory.destroySingleton(DefaultListableBeanFactory.java:1189)
	at org.springframework.beans.factory.support.DefaultSingletonBeanRegistry.destroySingletons(DefaultSingletonBeanRegistry.java:520)
	at org.springframework.beans.factory.support.DefaultListableBeanFactory.destroySingletons(DefaultListableBeanFactory.java:1182)
	at org.springframework.context.support.AbstractApplicationContext.destroyBeans(AbstractApplicationContext.java:1084)
	at org.springframework.context.support.AbstractApplicationContext.doClose(AbstractApplicationContext.java:1053)
	at org.springframework.boot.web.servlet.context.ServletWebServerApplicationContext.doClose(ServletWebServerApplicationContext.java:173)
	at org.springframework.context.support.AbstractApplicationContext.close(AbstractApplicationContext.java:1003)
	at org.springframework.boot.SpringApplicationShutdownHook.closeAndWait(SpringApplicationShutdownHook.java:139)
	at java.base/java.lang.Iterable.forEach(Iterable.java:75)
	at org.springframework.boot.SpringApplicationShutdownHook.run(SpringApplicationShutdownHook.java:108)
	at java.base/java.lang.Thread.run(Thread.java:842)
Caused by: org.apache.hc.client5.http.HttpHostConnectException: Connect to http://localhost:8761 [localhost/127.0.0.1, localhost/0:0:0:0:0:0:0:1] failed: Connection refused: no further information
	at java.base/sun.nio.ch.Net.pollConnect(Native Method)
	at java.base/sun.nio.ch.Net.pollConnectNow(Net.java:672)
	at java.base/sun.nio.ch.NioSocketImpl.timedFinishConnect(NioSocketImpl.java:547)
	at java.base/sun.nio.ch.NioSocketImpl.connect(NioSocketImpl.java:602)
	at java.base/java.net.SocksSocketImpl.connect(SocksSocketImpl.java:327)
	at java.base/java.net.Socket.connect(Socket.java:633)
	at org.apache.hc.client5.http.socket.PlainConnectionSocketFactory$1.run(PlainConnectionSocketFactory.java:87)
	at java.base/java.security.AccessController.doPrivileged(AccessController.java:569)
	at org.apache.hc.client5.http.socket.PlainConnectionSocketFactory.connectSocket(PlainConnectionSocketFactory.java:84)
	at org.apache.hc.client5.http.impl.io.DefaultHttpClientConnectionOperator.connect(DefaultHttpClientConnectionOperator.java:148)
	at org.apache.hc.client5.http.impl.io.PoolingHttpClientConnectionManager.connect(PoolingHttpClientConnectionManager.java:396)
	at org.apache.hc.client5.http.impl.classic.InternalExecRuntime.connectEndpoint(InternalExecRuntime.java:158)
	at org.apache.hc.client5.http.impl.classic.InternalExecRuntime.connectEndpoint(InternalExecRuntime.java:168)
	at org.apache.hc.client5.http.impl.classic.ConnectExec.execute(ConnectExec.java:136)
	at org.apache.hc.client5.http.impl.classic.ExecChainElement.execute(ExecChainElement.java:51)
	at org.apache.hc.client5.http.impl.classic.ExecChainElement$1.proceed(ExecChainElement.java:57)
	at org.apache.hc.client5.http.impl.classic.ProtocolExec.execute(ProtocolExec.java:190)
	at org.apache.hc.client5.http.impl.classic.ExecChainElement.execute(ExecChainElement.java:51)
	at org.apache.hc.client5.http.impl.classic.ExecChainElement$1.proceed(ExecChainElement.java:57)
	at org.apache.hc.client5.http.impl.classic.HttpRequestRetryExec.execute(HttpRequestRetryExec.java:96)
	at org.apache.hc.client5.http.impl.classic.ExecChainElement.execute(ExecChainElement.java:51)
	at org.apache.hc.client5.http.impl.classic.ExecChainElement$1.proceed(ExecChainElement.java:57)
	at org.apache.hc.client5.http.impl.classic.ContentCompressionExec.execute(ContentCompressionExec.java:133)
	at org.apache.hc.client5.http.impl.classic.ExecChainElement.execute(ExecChainElement.java:51)
	at org.apache.hc.client5.http.impl.classic.ExecChainElement$1.proceed(ExecChainElement.java:57)
	at org.apache.hc.client5.http.impl.classic.RedirectExec.execute(RedirectExec.java:115)
	at org.apache.hc.client5.http.impl.classic.ExecChainElement.execute(ExecChainElement.java:51)
	at org.apache.hc.client5.http.impl.classic.InternalHttpClient.doExecute(InternalHttpClient.java:170)
	at org.apache.hc.client5.http.impl.classic.CloseableHttpClient.execute(CloseableHttpClient.java:75)
	at org.apache.hc.client5.http.impl.classic.CloseableHttpClient.execute(CloseableHttpClient.java:54)
	at org.springframework.http.client.HttpComponentsClientHttpRequest.executeInternal(HttpComponentsClientHttpRequest.java:93)
	at org.springframework.http.client.AbstractBufferingClientHttpRequest.executeInternal(AbstractBufferingClientHttpRequest.java:48)
	at org.springframework.http.client.AbstractClientHttpRequest.execute(AbstractClientHttpRequest.java:66)
	at org.springframework.web.client.RestTemplate.doExecute(RestTemplate.java:862)
	... 39 more

[2024-04-10 08:59:24,959] [SpringApplicationShutdownHook] WARN  [customer-services,,] .s.t.d.RetryableEurekaHttpClient - Request execution failed with message: I/O error on DELETE request for "http://localhost:8761/eureka/apps/CUSTOMER-SERVICES/host.docker.internal:customer-services:8080": Connect to http://localhost:8761 [localhost/127.0.0.1, localhost/0:0:0:0:0:0:0:1] failed: Connection refused: no further information
[2024-04-10 08:59:25,024] [SpringApplicationShutdownHook] INFO  [customer-services,,] .t.d.RedirectingEurekaHttpClient - Request execution error. endpoint=DefaultEndpoint{ serviceUrl='http://localhost:8761/eureka/}, exception=I/O error on DELETE request for "http://localhost:8761/eureka/apps/CUSTOMER-SERVICES/host.docker.internal:customer-services:8080": Connect to http://localhost:8761 [localhost/127.0.0.1, localhost/0:0:0:0:0:0:0:1] failed: Connection refused: no further information stacktrace=org.springframework.web.client.ResourceAccessException: I/O error on DELETE request for "http://localhost:8761/eureka/apps/CUSTOMER-SERVICES/host.docker.internal:customer-services:8080": Connect to http://localhost:8761 [localhost/127.0.0.1, localhost/0:0:0:0:0:0:0:1] failed: Connection refused: no further information
	at org.springframework.web.client.RestTemplate.createResourceAccessException(RestTemplate.java:888)
	at org.springframework.web.client.RestTemplate.doExecute(RestTemplate.java:868)
	at org.springframework.web.client.RestTemplate.execute(RestTemplate.java:764)
	at org.springframework.web.client.RestTemplate.exchange(RestTemplate.java:646)
	at org.springframework.cloud.netflix.eureka.http.RestTemplateEurekaHttpClient.cancel(RestTemplateEurekaHttpClient.java:87)
	at com.netflix.discovery.shared.transport.decorator.EurekaHttpClientDecorator$2.execute(EurekaHttpClientDecorator.java:74)
	at com.netflix.discovery.shared.transport.decorator.RedirectingEurekaHttpClient.executeOnNewServer(RedirectingEurekaHttpClient.java:121)
	at com.netflix.discovery.shared.transport.decorator.RedirectingEurekaHttpClient.execute(RedirectingEurekaHttpClient.java:80)
	at com.netflix.discovery.shared.transport.decorator.EurekaHttpClientDecorator.cancel(EurekaHttpClientDecorator.java:71)
	at com.netflix.discovery.shared.transport.decorator.EurekaHttpClientDecorator$2.execute(EurekaHttpClientDecorator.java:74)
	at com.netflix.discovery.shared.transport.decorator.RetryableEurekaHttpClient.execute(RetryableEurekaHttpClient.java:120)
	at com.netflix.discovery.shared.transport.decorator.EurekaHttpClientDecorator.cancel(EurekaHttpClientDecorator.java:71)
	at com.netflix.discovery.shared.transport.decorator.EurekaHttpClientDecorator$2.execute(EurekaHttpClientDecorator.java:74)
	at com.netflix.discovery.shared.transport.decorator.SessionedEurekaHttpClient.execute(SessionedEurekaHttpClient.java:77)
	at com.netflix.discovery.shared.transport.decorator.EurekaHttpClientDecorator.cancel(EurekaHttpClientDecorator.java:71)
	at com.netflix.discovery.DiscoveryClient.unregister(DiscoveryClient.java:916)
	at com.netflix.discovery.DiscoveryClient.shutdown(DiscoveryClient.java:892)
	at java.base/jdk.internal.reflect.NativeMethodAccessorImpl.invoke0(Native Method)
	at java.base/jdk.internal.reflect.NativeMethodAccessorImpl.invoke(NativeMethodAccessorImpl.java:77)
	at java.base/jdk.internal.reflect.DelegatingMethodAccessorImpl.invoke(DelegatingMethodAccessorImpl.java:43)
	at java.base/java.lang.reflect.Method.invoke(Method.java:568)
	at org.springframework.beans.factory.annotation.InitDestroyAnnotationBeanPostProcessor$LifecycleElement.invoke(InitDestroyAnnotationBeanPostProcessor.java:425)
	at org.springframework.beans.factory.annotation.InitDestroyAnnotationBeanPostProcessor$LifecycleMetadata.invokeDestroyMethods(InitDestroyAnnotationBeanPostProcessor.java:383)
	at org.springframework.beans.factory.annotation.InitDestroyAnnotationBeanPostProcessor.postProcessBeforeDestruction(InitDestroyAnnotationBeanPostProcessor.java:213)
	at org.springframework.beans.factory.support.DisposableBeanAdapter.destroy(DisposableBeanAdapter.java:191)
	at org.springframework.beans.factory.support.DisposableBeanAdapter.run(DisposableBeanAdapter.java:184)
	at org.springframework.cloud.context.scope.GenericScope$BeanLifecycleWrapper.destroy(GenericScope.java:389)
	at org.springframework.cloud.context.scope.GenericScope.destroy(GenericScope.java:136)
	at org.springframework.beans.factory.support.DisposableBeanAdapter.destroy(DisposableBeanAdapter.java:200)
	at org.springframework.beans.factory.support.DefaultSingletonBeanRegistry.destroyBean(DefaultSingletonBeanRegistry.java:587)
	at org.springframework.beans.factory.support.DefaultSingletonBeanRegistry.destroySingleton(DefaultSingletonBeanRegistry.java:559)
	at org.springframework.beans.factory.support.DefaultListableBeanFactory.destroySingleton(DefaultListableBeanFactory.java:1189)
	at org.springframework.beans.factory.support.DefaultSingletonBeanRegistry.destroySingletons(DefaultSingletonBeanRegistry.java:520)
	at org.springframework.beans.factory.support.DefaultListableBeanFactory.destroySingletons(DefaultListableBeanFactory.java:1182)
	at org.springframework.context.support.AbstractApplicationContext.destroyBeans(AbstractApplicationContext.java:1084)
	at org.springframework.context.support.AbstractApplicationContext.doClose(AbstractApplicationContext.java:1053)
	at org.springframework.boot.web.servlet.context.ServletWebServerApplicationContext.doClose(ServletWebServerApplicationContext.java:173)
	at org.springframework.context.support.AbstractApplicationContext.close(AbstractApplicationContext.java:1003)
	at org.springframework.boot.SpringApplicationShutdownHook.closeAndWait(SpringApplicationShutdownHook.java:139)
	at java.base/java.lang.Iterable.forEach(Iterable.java:75)
	at org.springframework.boot.SpringApplicationShutdownHook.run(SpringApplicationShutdownHook.java:108)
	at java.base/java.lang.Thread.run(Thread.java:842)
Caused by: org.apache.hc.client5.http.HttpHostConnectException: Connect to http://localhost:8761 [localhost/127.0.0.1, localhost/0:0:0:0:0:0:0:1] failed: Connection refused: no further information
	at java.base/sun.nio.ch.Net.pollConnect(Native Method)
	at java.base/sun.nio.ch.Net.pollConnectNow(Net.java:672)
	at java.base/sun.nio.ch.NioSocketImpl.timedFinishConnect(NioSocketImpl.java:547)
	at java.base/sun.nio.ch.NioSocketImpl.connect(NioSocketImpl.java:602)
	at java.base/java.net.SocksSocketImpl.connect(SocksSocketImpl.java:327)
	at java.base/java.net.Socket.connect(Socket.java:633)
	at org.apache.hc.client5.http.socket.PlainConnectionSocketFactory$1.run(PlainConnectionSocketFactory.java:87)
	at java.base/java.security.AccessController.doPrivileged(AccessController.java:569)
	at org.apache.hc.client5.http.socket.PlainConnectionSocketFactory.connectSocket(PlainConnectionSocketFactory.java:84)
	at org.apache.hc.client5.http.impl.io.DefaultHttpClientConnectionOperator.connect(DefaultHttpClientConnectionOperator.java:148)
	at org.apache.hc.client5.http.impl.io.PoolingHttpClientConnectionManager.connect(PoolingHttpClientConnectionManager.java:396)
	at org.apache.hc.client5.http.impl.classic.InternalExecRuntime.connectEndpoint(InternalExecRuntime.java:158)
	at org.apache.hc.client5.http.impl.classic.InternalExecRuntime.connectEndpoint(InternalExecRuntime.java:168)
	at org.apache.hc.client5.http.impl.classic.ConnectExec.execute(ConnectExec.java:136)
	at org.apache.hc.client5.http.impl.classic.ExecChainElement.execute(ExecChainElement.java:51)
	at org.apache.hc.client5.http.impl.classic.ExecChainElement$1.proceed(ExecChainElement.java:57)
	at org.apache.hc.client5.http.impl.classic.ProtocolExec.execute(ProtocolExec.java:190)
	at org.apache.hc.client5.http.impl.classic.ExecChainElement.execute(ExecChainElement.java:51)
	at org.apache.hc.client5.http.impl.classic.ExecChainElement$1.proceed(ExecChainElement.java:57)
	at org.apache.hc.client5.http.impl.classic.HttpRequestRetryExec.execute(HttpRequestRetryExec.java:96)
	at org.apache.hc.client5.http.impl.classic.ExecChainElement.execute(ExecChainElement.java:51)
	at org.apache.hc.client5.http.impl.classic.ExecChainElement$1.proceed(ExecChainElement.java:57)
	at org.apache.hc.client5.http.impl.classic.ContentCompressionExec.execute(ContentCompressionExec.java:133)
	at org.apache.hc.client5.http.impl.classic.ExecChainElement.execute(ExecChainElement.java:51)
	at org.apache.hc.client5.http.impl.classic.ExecChainElement$1.proceed(ExecChainElement.java:57)
	at org.apache.hc.client5.http.impl.classic.RedirectExec.execute(RedirectExec.java:115)
	at org.apache.hc.client5.http.impl.classic.ExecChainElement.execute(ExecChainElement.java:51)
	at org.apache.hc.client5.http.impl.classic.InternalHttpClient.doExecute(InternalHttpClient.java:170)
	at org.apache.hc.client5.http.impl.classic.CloseableHttpClient.execute(CloseableHttpClient.java:75)
	at org.apache.hc.client5.http.impl.classic.CloseableHttpClient.execute(CloseableHttpClient.java:54)
	at org.springframework.http.client.HttpComponentsClientHttpRequest.executeInternal(HttpComponentsClientHttpRequest.java:93)
	at org.springframework.http.client.AbstractBufferingClientHttpRequest.executeInternal(AbstractBufferingClientHttpRequest.java:48)
	at org.springframework.http.client.AbstractClientHttpRequest.execute(AbstractClientHttpRequest.java:66)
	at org.springframework.web.client.RestTemplate.doExecute(RestTemplate.java:862)
	... 40 more

[2024-04-10 08:59:25,024] [SpringApplicationShutdownHook] WARN  [customer-services,,] .s.t.d.RetryableEurekaHttpClient - Request execution failed with message: I/O error on DELETE request for "http://localhost:8761/eureka/apps/CUSTOMER-SERVICES/host.docker.internal:customer-services:8080": Connect to http://localhost:8761 [localhost/127.0.0.1, localhost/0:0:0:0:0:0:0:1] failed: Connection refused: no further information
[2024-04-10 08:59:25,025] [SpringApplicationShutdownHook] ERROR [customer-services,,] etflix.discovery.DiscoveryClient - DiscoveryClient_CUSTOMER-SERVICES/host.docker.internal:customer-services:8080 - de-registration failedCannot execute request on any known server
com.netflix.discovery.shared.transport.TransportException: Cannot execute request on any known server
	at com.netflix.discovery.shared.transport.decorator.RetryableEurekaHttpClient.execute(RetryableEurekaHttpClient.java:112) ~[eureka-client-2.0.0.jar:2.0.0]
	at com.netflix.discovery.shared.transport.decorator.EurekaHttpClientDecorator.cancel(EurekaHttpClientDecorator.java:71) ~[eureka-client-2.0.0.jar:2.0.0]
	at com.netflix.discovery.shared.transport.decorator.EurekaHttpClientDecorator$2.execute(EurekaHttpClientDecorator.java:74) ~[eureka-client-2.0.0.jar:2.0.0]
	at com.netflix.discovery.shared.transport.decorator.SessionedEurekaHttpClient.execute(SessionedEurekaHttpClient.java:77) ~[eureka-client-2.0.0.jar:2.0.0]
	at com.netflix.discovery.shared.transport.decorator.EurekaHttpClientDecorator.cancel(EurekaHttpClientDecorator.java:71) ~[eureka-client-2.0.0.jar:2.0.0]
	at com.netflix.discovery.DiscoveryClient.unregister(DiscoveryClient.java:916) ~[eureka-client-2.0.0.jar:2.0.0]
	at com.netflix.discovery.DiscoveryClient.shutdown(DiscoveryClient.java:892) ~[eureka-client-2.0.0.jar:2.0.0]
	at java.base/jdk.internal.reflect.NativeMethodAccessorImpl.invoke0(Native Method) ~[na:na]
	at java.base/jdk.internal.reflect.NativeMethodAccessorImpl.invoke(NativeMethodAccessorImpl.java:77) ~[na:na]
	at java.base/jdk.internal.reflect.DelegatingMethodAccessorImpl.invoke(DelegatingMethodAccessorImpl.java:43) ~[na:na]
	at java.base/java.lang.reflect.Method.invoke(Method.java:568) ~[na:na]
	at org.springframework.beans.factory.annotation.InitDestroyAnnotationBeanPostProcessor$LifecycleElement.invoke(InitDestroyAnnotationBeanPostProcessor.java:425) ~[spring-beans-6.0.7.jar:6.0.7]
	at org.springframework.beans.factory.annotation.InitDestroyAnnotationBeanPostProcessor$LifecycleMetadata.invokeDestroyMethods(InitDestroyAnnotationBeanPostProcessor.java:383) ~[spring-beans-6.0.7.jar:6.0.7]
	at org.springframework.beans.factory.annotation.InitDestroyAnnotationBeanPostProcessor.postProcessBeforeDestruction(InitDestroyAnnotationBeanPostProcessor.java:213) ~[spring-beans-6.0.7.jar:6.0.7]
	at org.springframework.beans.factory.support.DisposableBeanAdapter.destroy(DisposableBeanAdapter.java:191) ~[spring-beans-6.0.7.jar:6.0.7]
	at org.springframework.beans.factory.support.DisposableBeanAdapter.run(DisposableBeanAdapter.java:184) ~[spring-beans-6.0.7.jar:6.0.7]
	at org.springframework.cloud.context.scope.GenericScope$BeanLifecycleWrapper.destroy(GenericScope.java:389) ~[spring-cloud-context-4.0.1.jar:4.0.1]
	at org.springframework.cloud.context.scope.GenericScope.destroy(GenericScope.java:136) ~[spring-cloud-context-4.0.1.jar:4.0.1]
	at org.springframework.beans.factory.support.DisposableBeanAdapter.destroy(DisposableBeanAdapter.java:200) ~[spring-beans-6.0.7.jar:6.0.7]
	at org.springframework.beans.factory.support.DefaultSingletonBeanRegistry.destroyBean(DefaultSingletonBeanRegistry.java:587) ~[spring-beans-6.0.7.jar:6.0.7]
	at org.springframework.beans.factory.support.DefaultSingletonBeanRegistry.destroySingleton(DefaultSingletonBeanRegistry.java:559) ~[spring-beans-6.0.7.jar:6.0.7]
	at org.springframework.beans.factory.support.DefaultListableBeanFactory.destroySingleton(DefaultListableBeanFactory.java:1189) ~[spring-beans-6.0.7.jar:6.0.7]
	at org.springframework.beans.factory.support.DefaultSingletonBeanRegistry.destroySingletons(DefaultSingletonBeanRegistry.java:520) ~[spring-beans-6.0.7.jar:6.0.7]
	at org.springframework.beans.factory.support.DefaultListableBeanFactory.destroySingletons(DefaultListableBeanFactory.java:1182) ~[spring-beans-6.0.7.jar:6.0.7]
	at org.springframework.context.support.AbstractApplicationContext.destroyBeans(AbstractApplicationContext.java:1084) ~[spring-context-6.0.7.jar:6.0.7]
	at org.springframework.context.support.AbstractApplicationContext.doClose(AbstractApplicationContext.java:1053) ~[spring-context-6.0.7.jar:6.0.7]
	at org.springframework.boot.web.servlet.context.ServletWebServerApplicationContext.doClose(ServletWebServerApplicationContext.java:173) ~[spring-boot-3.0.5.jar:3.0.5]
	at org.springframework.context.support.AbstractApplicationContext.close(AbstractApplicationContext.java:1003) ~[spring-context-6.0.7.jar:6.0.7]
	at org.springframework.boot.SpringApplicationShutdownHook.closeAndWait(SpringApplicationShutdownHook.java:139) ~[spring-boot-3.0.5.jar:3.0.5]
	at java.base/java.lang.Iterable.forEach(Iterable.java:75) ~[na:na]
	at org.springframework.boot.SpringApplicationShutdownHook.run(SpringApplicationShutdownHook.java:108) ~[spring-boot-3.0.5.jar:3.0.5]
	at java.base/java.lang.Thread.run(Thread.java:842) ~[na:na]
[2024-04-10 08:59:25,049] [SpringApplicationShutdownHook] INFO  [customer-services,,] etflix.discovery.DiscoveryClient - Completed shut down of DiscoveryClient
